Copyright 1986-2020 Xilinx, Inc. All Rights Reserved.
--------------------------------------------------------------------------------------
| Tool Version : Vivado v.2020.2 (win64) Build 3064766 Wed Nov 18 09:12:45 MST 2020
| Date         : Sat Feb 26 18:13:53 2022
| Host         : EJ86 running 64-bit major release  (build 9200)
| Command      : report_control_sets -verbose -file simpleAPU_control_sets_placed.rpt
| Design       : simpleAPU
| Device       : xcvu9p
--------------------------------------------------------------------------------------

Control Set Information

Table of Contents
-----------------
1. Summary
2. Histogram
3. Flip-Flop Distribution
4. Detailed Control Set Information

1. Summary
----------

+----------------------------------------------------------+-------+
|                          Status                          | Count |
+----------------------------------------------------------+-------+
| Total control sets                                       |     4 |
|    Minimum number of control sets                        |     4 |
|    Addition due to synthesis replication                 |     0 |
|    Addition due to physical synthesis replication        |     0 |
| Unused register locations in slices containing registers |     3 |
+----------------------------------------------------------+-------+
* Control sets can be merged at opt_design using control_set_merge or merge_equivalent_drivers
** Run report_qor_suggestions for automated merging and remapping suggestions


2. Histogram
------------

+--------------------+-------+
|       Fanout       | Count |
+--------------------+-------+
| Total control sets |     4 |
| >= 0 to < 4        |     0 |
| >= 4 to < 6        |     0 |
| >= 6 to < 8        |     0 |
| >= 8 to < 10       |     2 |
| >= 10 to < 12      |     0 |
| >= 12 to < 14      |     0 |
| >= 14 to < 16      |     0 |
| >= 16              |     2 |
+--------------------+-------+
* Control sets can be remapped at either synth_design or opt_design


3. Flip-Flop Distribution
-------------------------

+--------------+-----------------------+------------------------+-----------------+--------------+
| Clock Enable | Synchronous Set/Reset | Asynchronous Set/Reset | Total Registers | Total Slices |
+--------------+-----------------------+------------------------+-----------------+--------------+
| No           | No                    | No                     |               0 |            0 |
| No           | No                    | Yes                    |               0 |            0 |
| No           | Yes                   | No                     |             425 |           45 |
| Yes          | No                    | No                     |              16 |            1 |
| Yes          | No                    | Yes                    |               0 |            0 |
| Yes          | Yes                   | No                     |               8 |            3 |
+--------------+-----------------------+------------------------+-----------------+--------------+


4. Detailed Control Set Information
-----------------------------------

+----------------+---------------------+-------------------+------------------+----------------+--------------+
|  Clock Signal  |    Enable Signal    |  Set/Reset Signal | Slice Load Count | Bel Load Count | Bels / Slice |
+----------------+---------------------+-------------------+------------------+----------------+--------------+
|  clk_IBUF_BUFG |                     | rdone/SR[0]       |                3 |              8 |         2.67 |
|  clk_IBUF_BUFG | toppointer/WriteEn0 | reset_IBUF_inst/O |                3 |              8 |         2.67 |
|  clk_IBUF_BUFG | p_0_in              |                   |                1 |             16 |        16.00 |
|  clk_IBUF_BUFG |                     | reset_IBUF_inst/O |               45 |            417 |         9.27 |
+----------------+---------------------+-------------------+------------------+----------------+--------------+


