#
# A fatal error has been detected by the Java Runtime Environment:
#
#  EXCEPTION_ACCESS_VIOLATION (0xc0000005) at pc=0x00007ffb5510c9d5, pid=25064, tid=6784
#
# JRE version: OpenJDK Runtime Environment (11.0.2+9) (build 11.0.2+9)
# Java VM: OpenJDK 64-Bit Server VM (11.0.2+9, mixed mode, tiered, compressed oops, g1 gc, windows-amd64)
# Problematic frame:
# C  [librdi_simdata.dll+0x2c9d5]
#
# No core dump will be written. Minidumps are not enabled by default on client versions of Windows
#
# If you would like to submit a bug report, please visit:
#   http://bugreport.java.com/bugreport/crash.jsp
# The crash happened outside the Java Virtual Machine in native code.
# See problematic frame for where to report the bug.
#

---------------  S U M M A R Y ------------

Command Line: -Dsun.java2d.pmoffscreen=false -Dhttps.protocols=TLSv1,TLSv1.1,TLSv1.2 -Dsun.java2d.xrender=false -Dsun.java2d.d3d=false -Dsun.awt.nopixfmt=true -Dsun.java2d.dpiaware=true -Dsun.java2d.uiScale.enabled=false -Xverify:none -Dswing.aatext=true -XX:-UsePerfData -Djdk.map.althashing.threshold=512 -XX:StringTableSize=4072 --add-opens=java.base/java.nio=ALL-UNNAMED --add-opens=java.desktop/sun.swing=ALL-UNNAMED --add-opens=java.desktop/javax.swing=ALL-UNNAMED --add-opens=java.desktop/javax.swing.tree=ALL-UNNAMED --add-opens=java.desktop/javax.swing.plaf.basic=ALL-UNNAMED --add-opens=java.desktop/javax.swing.plaf.synth=ALL-UNNAMED --add-opens=java.desktop/com.sun.awt=ALL-UNNAMED -XX:NewSize=60m -XX:MaxNewSize=60m -Xms128m -Xmx3072m -Xss5m 

Host: AMD Ryzen 7 5800X 8-Core Processor             , 16 cores, 15G,  Windows 10 , 64 bit Build 19041 (10.0.19041.1566)
Time: Sun Apr  3 17:38:09 2022 Ì«Æ½ÑóÏÄÁîÊ± elapsed time: 2715 seconds (0d 0h 45m 15s)

---------------  T H R E A D  ---------------

Current thread (0x0000019930fe0800):  JavaThread "AWT-EventQueue-0" [_thread_in_native, id=6784, stack(0x0000004e0a200000,0x0000004e0a700000)]

Stack: [0x0000004e0a200000,0x0000004e0a700000],  sp=0x0000004e0a6fb050,  free space=5100k
Native frames: (J=compiled Java code, j=interpreted, Vv=VM code, C=native code)
C  [librdi_simdata.dll+0x2c9d5]
C  [librdi_simdata.dll+0x464be]
C  [librdi_simdata.dll+0x956cc]
C  0x00000199140a97cf

Java frames: (J=compiled Java code, j=interpreted, Vv=VM code)
J 20601  ui.views.simulator.executive.simulationi.SimulationExecutive_getCodeTooltipValue(JLjava/lang/String;IZ)Ljava/lang/String; (0 bytes) @ 0x00000199140a972f [0x00000199140a96c0+0x000000000000006f]
J 20704 c2 ui.views.N.d.mouseMoved(Ljava/awt/event/MouseEvent;)V (13 bytes) @ 0x00000199140da3e8 [0x00000199140da0a0+0x0000000000000348]
J 15169 c2 java.awt.AWTEventMulticaster.mouseMoved(Ljava/awt/event/MouseEvent;)V java.desktop@11.0.2 (27 bytes) @ 0x00000199139b809c [0x00000199139b7f40+0x000000000000015c]
J 15169 c2 java.awt.AWTEventMulticaster.mouseMoved(Ljava/awt/event/MouseEvent;)V java.desktop@11.0.2 (27 bytes) @ 0x00000199139b7fb4 [0x00000199139b7f40+0x0000000000000074]
J 15169 c2 java.awt.AWTEventMulticaster.mouseMoved(Ljava/awt/event/MouseEvent;)V java.desktop@11.0.2 (27 bytes) @ 0x00000199139b7fb4 [0x00000199139b7f40+0x0000000000000074]
J 22720 c2 javax.swing.JComponent.processMouseMotionEvent(Ljava/awt/event/MouseEvent;)V java.desktop@11.0.2 (46 bytes) @ 0x0000019914156ef8 [0x0000019914156e60+0x0000000000000098]
J 21143 c2 java.awt.Container.processEvent(Ljava/awt/AWTEvent;)V java.desktop@11.0.2 (22 bytes) @ 0x00000199132efca0 [0x00000199132efa60+0x0000000000000240]
J 23046 c2 java.awt.Component.dispatchEventImpl(Ljava/awt/AWTEvent;)V java.desktop@11.0.2 (777 bytes) @ 0x00000199141aeca0 [0x00000199141ae3e0+0x00000000000008c0]
J 16670 c2 java.awt.Container.dispatchEventImpl(Ljava/awt/AWTEvent;)V java.desktop@11.0.2 (129 bytes) @ 0x0000019913bedb70 [0x0000019913bed480+0x00000000000006f0]
J 16126 c2 java.awt.LightweightDispatcher.retargetMouseEvent(Ljava/awt/Component;ILjava/awt/event/MouseEvent;)V java.desktop@11.0.2 (372 bytes) @ 0x000001991304d978 [0x000001991304d3e0+0x0000000000000598]
J 16670 c2 java.awt.Container.dispatchEventImpl(Ljava/awt/AWTEvent;)V java.desktop@11.0.2 (129 bytes) @ 0x0000019913bedaa4 [0x0000019913bed480+0x0000000000000624]
J 11555 c2 java.awt.Window.dispatchEventImpl(Ljava/awt/AWTEvent;)V java.desktop@11.0.2 (23 bytes) @ 0x000001991352978c [0x0000019913529740+0x000000000000004c]
J 16121 c2 java.awt.EventQueue$4.run()Ljava/lang/Object; java.desktop@11.0.2 (5 bytes) @ 0x0000019912f41ab0 [0x0000019912f41960+0x0000000000000150]
v  ~StubRoutines::call_stub
J 4718  java.security.AccessController.doPrivileged(Ljava/security/PrivilegedAction;Ljava/security/AccessControlContext;)Ljava/lang/Object; java.base@11.0.2 (0 bytes) @ 0x000001991307b736 [0x000001991307b6c0+0x0000000000000076]
J 11393 c2 java.awt.EventQueue$5.run()Ljava/lang/Object; java.desktop@11.0.2 (5 bytes) @ 0x00000199134fd0f4 [0x00000199134fce80+0x0000000000000274]
v  ~StubRoutines::call_stub
J 4718  java.security.AccessController.doPrivileged(Ljava/security/PrivilegedAction;Ljava/security/AccessControlContext;)Ljava/lang/Object; java.base@11.0.2 (0 bytes) @ 0x000001991307b736 [0x000001991307b6c0+0x0000000000000076]
J 11306 c2 java.awt.EventQueue.dispatchEvent(Ljava/awt/AWTEvent;)V java.desktop@11.0.2 (80 bytes) @ 0x00000199134d89d8 [0x00000199134d70a0+0x0000000000001938]
J 15119 c2 ui.frmwork.a.d.dispatchEvent(Ljava/awt/AWTEvent;)V (42 bytes) @ 0x00000199139a3654 [0x00000199139a3560+0x00000000000000f4]
J 18186% c2 java.awt.EventDispatchThread.pumpEventsForFilter(ILjava/awt/Conditional;Ljava/awt/EventFilter;)V java.desktop@11.0.2 (47 bytes) @ 0x0000019913741218 [0x0000019913741060+0x00000000000001b8]
j  java.awt.EventDispatchThread.pumpEventsForHierarchy(ILjava/awt/Conditional;Ljava/awt/Component;)V+11 java.desktop@11.0.2
j  java.awt.EventDispatchThread.pumpEvents(ILjava/awt/Conditional;)V+4 java.desktop@11.0.2
j  java.awt.EventDispatchThread.pumpEvents(Ljava/awt/Conditional;)V+3 java.desktop@11.0.2
j  java.awt.EventDispatchThread.run()V+9 java.desktop@11.0.2
v  ~StubRoutines::call_stub

siginfo: EXCEPTION_ACCESS_VIOLATION (0xc0000005), reading address 0x0000000000027588


Register to memory mapping:

RIP=0x00007ffb5510c9d5 librdi_simdata.dll
RAX=0x0000019947bd9238 points into unknown readable memory: 60 75 02 00 00 00 00 00
RBX=0x0000004e0a6fb268 is pointing into the stack for thread: 0x0000019930fe0800
RCX=0x0000019947bd9238 points into unknown readable memory: 60 75 02 00 00 00 00 00
RDX=0x0000004e0a6fb0c0 is pointing into the stack for thread: 0x0000019930fe0800
RSP=0x0000004e0a6fb050 is pointing into the stack for thread: 0x0000019930fe0800
RBP=0x0000004e0a6fb150 is pointing into the stack for thread: 0x0000019930fe0800
RSI=0x0000000000000001 is an unknown value
RDI=0x00000199325e3c40 points into unknown readable memory: 10 70 29 55 fb 7f 00 00
R8 =0x0 is NULL
R9 =0x0000000000027560 is an unknown value
R10=0x0000000000000012 is an unknown value
R11=0x0000004e0a6fb1f0 is pointing into the stack for thread: 0x0000019930fe0800
R12=0x0000019932701660 points into unknown readable memory: 5c 00 3f 00 3f 00 5c 00
R13=0x0000004e0a6fb488 is pointing into the stack for thread: 0x0000019930fe0800
R14=0x0 is NULL
R15=0x0000000000000051 is an unknown value


Registers:
RAX=0x0000019947bd9238, RBX=0x0000004e0a6fb268, RCX=0x0000019947bd9238, RDX=0x0000004e0a6fb0c0
RSP=0x0000004e0a6fb050, RBP=0x0000004e0a6fb150, RSI=0x0000000000000001, RDI=0x00000199325e3c40
R8 =0x0000000000000000, R9 =0x0000000000027560, R10=0x0000000000000012, R11=0x0000004e0a6fb1f0
R12=0x0000019932701660, R13=0x0000004e0a6fb488, R14=0x0000000000000000, R15=0x0000000000000051
RIP=0x00007ffb5510c9d5, EFLAGS=0x0000000000010246

Top of Stack: (sp=0x0000004e0a6fb050)
0x0000004e0a6fb050:   0000004e0a6fb268 0000004e0a6fb0c0
0x0000004e0a6fb060:   0000004e0a6fb150 0000000000000001
0x0000004e0a6fb070:   0000019932701601 0000000700000000
0x0000004e0a6fb080:   0000000000000001 0000004e0a6fb170
0x0000004e0a6fb090:   fffffffffffffffe 0000004e0a6fb268
0x0000004e0a6fb0a0:   0000004e0a6fb1c1 000001993341e452
0x0000004e0a6fb0b0:   0000000000000000 fffffffffffffffe
0x0000004e0a6fb0c0:   00656764006b6c63 000079646165725f
0x0000004e0a6fb0d0:   0000000000000003 000000000000000f
0x0000004e0a6fb0e0:   0000378454c8f119 000000070000000b
0x0000004e0a6fb0f0:   00000000000000b0 0000004e0a6fb338
0x0000004e0a6fb100:   000001991f7996d0 00000000000000a6
0x0000004e0a6fb110:   000001993341e3b0 000001993341e452
0x0000004e0a6fb120:   0000000000000051 00007ffb81e30543
0x0000004e0a6fb130:   0000000000000000 0000000000000000
0x0000004e0a6fb140:   00000000000000ff 0000000000000000 

Instructions: (pc=0x00007ffb5510c9d5)
0x00007ffb5510c9b5:   90 e8 85 5d fe ff 48 8b 07 48 8b cf ff 90 b8 00
0x00007ffb5510c9c5:   00 00 4c 8b 08 45 33 c0 48 8d 54 24 70 48 8b c8
0x00007ffb5510c9d5:   41 ff 51 28 48 8b f0 c7 44 24 20 00 00 00 00 4c
0x00007ffb5510c9e5:   8d 0d 35 3f 22 00 4c 8d 05 fe 3e 22 00 33 d2 48 


Stack slot to memory mapping:
stack at sp + 0 slots: 0x0000004e0a6fb268 is pointing into the stack for thread: 0x0000019930fe0800
stack at sp + 1 slots: 0x0000004e0a6fb0c0 is pointing into the stack for thread: 0x0000019930fe0800
stack at sp + 2 slots: 0x0000004e0a6fb150 is pointing into the stack for thread: 0x0000019930fe0800
stack at sp + 3 slots: 0x0000000000000001 is an unknown value
stack at sp + 4 slots: 0x0000019932701601 points into unknown readable memory: 00 00 00 00 00 00 00
stack at sp + 5 slots: 0x0000000700000000 is an unknown value
stack at sp + 6 slots: 0x0000000000000001 is an unknown value
stack at sp + 7 slots: 0x0000004e0a6fb170 is pointing into the stack for thread: 0x0000019930fe0800


---------------  P R O C E S S  ---------------

Threads class SMR info:
_java_thread_list=0x000001992fccace0, length=36, elements={
0x0000019920819800, 0x0000019921549000, 0x000001992154a000, 0x000001991e380000,
0x0000019921495800, 0x000001991f0fb000, 0x0000019923276800, 0x000001991f0fc800,
0x0000019921147000, 0x000001992114c000, 0x000001992cd54000, 0x000001992cd01800,
0x000001992cd02800, 0x000001992d344800, 0x0000019930fe0800, 0x0000019931119000,
0x000001992f43e000, 0x000001992fa1c000, 0x000001992f716000, 0x000001992f71f000,
0x000001992f722800, 0x000001992f71c800, 0x000001992f715800, 0x000001992f71b000,
0x000001992f71d800, 0x000001992f719800, 0x000001992327c000, 0x000001992327a800,
0x0000019923279800, 0x000001992327b000, 0x000001992e42b800, 0x000001992e42a000,
0x000001992e42b000, 0x000001992e434800, 0x000001992e437000, 0x000001992f718800
}

Java Threads: ( => current thread )
  0x0000019920819800 JavaThread "main" [_thread_blocked, id=4924, stack(0x0000004e05200000,0x0000004e05300000)]
  0x0000019921549000 JavaThread "Reference Handler" daemon [_thread_blocked, id=25044, stack(0x0000004e05900000,0x0000004e05e00000)]
  0x000001992154a000 JavaThread "Finalizer" daemon [_thread_blocked, id=17820, stack(0x0000004e05e00000,0x0000004e06300000)]
  0x000001991e380000 JavaThread "Signal Dispatcher" daemon [_thread_blocked, id=22596, stack(0x0000004e06300000,0x0000004e06800000)]
  0x0000019921495800 JavaThread "Attach Listener" daemon [_thread_blocked, id=25180, stack(0x0000004e06800000,0x0000004e06d00000)]
  0x000001991f0fb000 JavaThread "C2 CompilerThread0" daemon [_thread_blocked, id=8348, stack(0x0000004e06d00000,0x0000004e06e00000)]
  0x0000019923276800 JavaThread "C1 CompilerThread0" daemon [_thread_blocked, id=24484, stack(0x0000004e06e00000,0x0000004e06f00000)]
  0x000001991f0fc800 JavaThread "Sweeper thread" daemon [_thread_blocked, id=6600, stack(0x0000004e06f00000,0x0000004e07400000)]
  0x0000019921147000 JavaThread "Common-Cleaner" daemon [_thread_blocked, id=11496, stack(0x0000004e07700000,0x0000004e07c00000)]
  0x000001992114c000 JavaThread "Service Thread" daemon [_thread_blocked, id=17052, stack(0x0000004e07c00000,0x0000004e08100000)]
  0x000001992cd54000 JavaThread "Java2D Disposer" daemon [_thread_blocked, id=14284, stack(0x0000004e08300000,0x0000004e08800000)]
  0x000001992cd01800 JavaThread "AWT-Shutdown" [_thread_blocked, id=16204, stack(0x0000004e08800000,0x0000004e08d00000)]
  0x000001992cd02800 JavaThread "AWT-Windows" daemon [_thread_in_native, id=21776, stack(0x0000004e08d00000,0x0000004e09200000)]
  0x000001992d344800 JavaThread "TimerQueue" daemon [_thread_blocked, id=12168, stack(0x0000004e09200000,0x0000004e09700000)]
=>0x0000019930fe0800 JavaThread "AWT-EventQueue-0" [_thread_in_native, id=6784, stack(0x0000004e0a200000,0x0000004e0a700000)]
  0x0000019931119000 JavaThread "Thread-1" [_thread_in_native, id=23408, stack(0x0000004e03c00000,0x0000004e05000000)]
  0x000001992f43e000 JavaThread "Process Messages Thread" [_thread_blocked, id=24900, stack(0x0000004e0ac00000,0x0000004e0b100000)]
  0x000001992fa1c000 JavaThread "Batik CleanerThread" daemon [_thread_blocked, id=5604, stack(0x0000004e09d00000,0x0000004e0a200000)]
  0x000001992f716000 JavaThread "SyntheticaCleanerThread" daemon [_thread_blocked, id=8708, stack(0x0000004e0c400000,0x0000004e0c900000)]
  0x000001992f71f000 JavaThread "Monitor HEventQueue Thread" [_thread_blocked, id=6060, stack(0x0000004e0cd00000,0x0000004e0d200000)]
  0x000001992f722800 JavaThread "SyntheticaAnimation 50" daemon [_thread_blocked, id=21708, stack(0x0000004e0d200000,0x0000004e0d700000)]
  0x000001992f71c800 JavaThread "SyntheticaAnimation 25" daemon [_thread_blocked, id=8260, stack(0x0000004e0d800000,0x0000004e0dd00000)]
  0x000001992f715800 JavaThread "Swing-Shell" daemon [_thread_blocked, id=20796, stack(0x0000004e0dd00000,0x0000004e0e200000)]
  0x000001992f71b000 JavaThread "SyntheticaAnimation 70" daemon [_thread_blocked, id=19524, stack(0x0000004e0e200000,0x0000004e0e700000)]
  0x000001992f71d800 JavaThread "Refresh Filesets Swing Worker Thread" [_thread_blocked, id=23532, stack(0x0000004e09700000,0x0000004e09c00000)]
  0x000001992f719800 JavaThread "hw_ila_monitor" [_thread_blocked, id=24120, stack(0x0000004e0e700000,0x0000004e0ec00000)]
  0x000001992327c000 JavaThread "pool-3-thread-1" [_thread_blocked, id=24220, stack(0x0000004e0f800000,0x0000004e0fd00000)]
  0x000001992327a800 JavaThread "pool-4-thread-1" [_thread_blocked, id=25000, stack(0x0000004e0fd00000,0x0000004e10200000)]
  0x0000019923279800 JavaThread "pool-5-thread-1" [_thread_blocked, id=17912, stack(0x0000004e10200000,0x0000004e10700000)]
  0x000001992327b000 JavaThread "Update Runs Swing Worker Thread" [_thread_blocked, id=4956, stack(0x0000004e10c00000,0x0000004e11100000)]
  0x000001992e42b800 JavaThread "SyntheticaAnimation 50" daemon [_thread_blocked, id=4948, stack(0x0000004e0bf00000,0x0000004e0c400000)]
  0x000001992e42a000 JavaThread "Image Animator 0" daemon [_thread_blocked, id=16996, stack(0x0000004e11600000,0x0000004e11b00000)]
  0x000001992e42b000 JavaThread "Timer-1" [_thread_blocked, id=11648, stack(0x0000004e10700000,0x0000004e10c00000)]
  0x000001992e434800 JavaThread "Monitor File Timestamp Swing Worker Thread" [_thread_blocked, id=19252, stack(0x0000004e11100000,0x0000004e11600000)]
  0x000001992e437000 JavaThread "Timer-2" [_thread_blocked, id=19972, stack(0x0000004e11c00000,0x0000004e12100000)]
  0x000001992f718800 JavaThread "Relaunch Simulation Thread" [_thread_blocked, id=4484, stack(0x0000004e0f100000,0x0000004e0f600000)]

Other Threads:
  0x0000019920fca800 VMThread "VM Thread" [stack: 0x0000004e05800000,0x0000004e05900000] [id=24012]
  0x000001992114d000 WatcherThread [stack: 0x0000004e08100000,0x0000004e08200000] [id=7368]
  0x000001991da5a800 GCTaskThread "GC Thread#0" [stack: 0x0000004e05300000,0x0000004e05400000] [id=24420]
  0x000001992d150000 GCTaskThread "GC Thread#1" [stack: 0x0000004e0b100000,0x0000004e0b200000] [id=7876]
  0x0000019931029800 GCTaskThread "GC Thread#2" [stack: 0x0000004e0b200000,0x0000004e0b300000] [id=25224]
  0x000001993102a800 GCTaskThread "GC Thread#3" [stack: 0x0000004e0b300000,0x0000004e0b400000] [id=19148]
  0x0000019930127800 GCTaskThread "GC Thread#4" [stack: 0x0000004e0b400000,0x0000004e0b500000] [id=25440]
  0x0000019930129800 GCTaskThread "GC Thread#5" [stack: 0x0000004e0b500000,0x0000004e0b600000] [id=25548]
  0x000001992d13a000 GCTaskThread "GC Thread#6" [stack: 0x0000004e0b600000,0x0000004e0b700000] [id=8472]
  0x000001992d13b000 GCTaskThread "GC Thread#7" [stack: 0x0000004e0b700000,0x0000004e0b800000] [id=21468]
  0x0000019930c92800 GCTaskThread "GC Thread#8" [stack: 0x0000004e0b800000,0x0000004e0b900000] [id=6120]
  0x0000019930c93000 GCTaskThread "GC Thread#9" [stack: 0x0000004e0b900000,0x0000004e0ba00000] [id=14016]
  0x000001992f582800 GCTaskThread "GC Thread#10" [stack: 0x0000004e0ba00000,0x0000004e0bb00000] [id=2860]
  0x0000019930c93800 GCTaskThread "GC Thread#11" [stack: 0x0000004e0bb00000,0x0000004e0bc00000] [id=18224]
  0x000001992eac9000 GCTaskThread "GC Thread#12" [stack: 0x0000004e0a900000,0x0000004e0aa00000] [id=7216]
  0x0000019922ec1800 ConcurrentGCThread "G1 Main Marker" [stack: 0x0000004e05400000,0x0000004e05500000] [id=10424]
  0x0000019920b3d800 ConcurrentGCThread "G1 Conc#0" [stack: 0x0000004e05500000,0x0000004e05600000] [id=6424]
  0x000001992fd3a000 ConcurrentGCThread "G1 Conc#1" [stack: 0x0000004e0bd00000,0x0000004e0be00000] [id=22548]
  0x00000199301a1000 ConcurrentGCThread "G1 Conc#2" [stack: 0x0000004e0be00000,0x0000004e0bf00000] [id=12412]
  0x0000019921f3a800 ConcurrentGCThread "G1 Refine#0" [stack: 0x0000004e05600000,0x0000004e05700000] [id=9648]
  0x00000199300bc800 ConcurrentGCThread "G1 Refine#1" [stack: 0x0000004e0bc00000,0x0000004e0bd00000] [id=18012]
  0x000001992f3e0000 ConcurrentGCThread "G1 Refine#2" [stack: 0x0000004e0ab00000,0x0000004e0ac00000] [id=23548]
  0x000001992eac6000 ConcurrentGCThread "G1 Refine#3" [stack: 0x0000004e0c900000,0x0000004e0ca00000] [id=25188]
  0x000001992eac7000 ConcurrentGCThread "G1 Refine#4" [stack: 0x0000004e0d700000,0x0000004e0d800000] [id=19308]
  0x000001992eacc000 ConcurrentGCThread "G1 Refine#5" [stack: 0x0000004e0aa00000,0x0000004e0ab00000] [id=9044]
  0x0000019921f3b000 ConcurrentGCThread "G1 Young RemSet Sampling" [stack: 0x0000004e05700000,0x0000004e05800000] [id=17980]

Threads with active compile tasks:

VM state:not at safepoint (normal execution)

VM Mutex/Monitor currently owned by a thread: None

Heap address: 0x0000000740000000, size: 3072 MB, Compressed Oops mode: Zero based, Oop shift amount: 3
Narrow klass base: 0x0000000800000000, Narrow klass shift: 0
Compressed class space size: 1073741824 Address: 0x0000000800000000

Heap:
 garbage-first heap   total 194560K, used 167595K [0x0000000740000000, 0x0000000800000000)
  region size 1024K, 55 young (56320K), 1 survivors (1024K)
 Metaspace       used 99088K, capacity 101783K, committed 101840K, reserved 1136640K
  class space    used 13713K, capacity 14928K, committed 14976K, reserved 1048576K
Heap Regions: E=young(eden), S=young(survivor), O=old, HS=humongous(starts), HC=humongous(continues), CS=collection set, F=free, A=archive, TAMS=top-at-mark-start (previous, next)
|   0|0x0000000740000000, 0x0000000740100000, 0x0000000740100000|100%|HS|  |TAMS 0x0000000740100000, 0x0000000740000000| Complete 
|   1|0x0000000740100000, 0x0000000740200000, 0x0000000740200000|100%|HC|  |TAMS 0x0000000740200000, 0x0000000740100000| Complete 
|   2|0x0000000740200000, 0x0000000740300000, 0x0000000740300000|100%|HS|  |TAMS 0x0000000740300000, 0x0000000740200000| Complete 
|   3|0x0000000740300000, 0x00000007403fffe0, 0x0000000740400000| 99%| O|  |TAMS 0x00000007403fffe0, 0x0000000740300000| Untracked 
|   4|0x0000000740400000, 0x00000007404ffff8, 0x0000000740500000| 99%| O|  |TAMS 0x00000007404ffff8, 0x0000000740400000| Untracked 
|   5|0x0000000740500000, 0x0000000740600000, 0x0000000740600000|100%| O|  |TAMS 0x0000000740600000, 0x0000000740500000| Untracked 
|   6|0x0000000740600000, 0x00000007406f1df0, 0x0000000740700000| 94%| O|  |TAMS 0x00000007406f1df0, 0x0000000740600000| Untracked 
|   7|0x0000000740700000, 0x00000007407fffd8, 0x0000000740800000| 99%| O|  |TAMS 0x00000007407fffd8, 0x0000000740700000| Untracked 
|   8|0x0000000740800000, 0x0000000740900000, 0x0000000740900000|100%| O|  |TAMS 0x0000000740900000, 0x0000000740800000| Untracked 
|   9|0x0000000740900000, 0x00000007409fb120, 0x0000000740a00000| 98%| O|  |TAMS 0x00000007409fb120, 0x0000000740900000| Untracked 
|  10|0x0000000740a00000, 0x0000000740afffe0, 0x0000000740b00000| 99%| O|  |TAMS 0x0000000740afffe0, 0x0000000740a00000| Untracked 
|  11|0x0000000740b00000, 0x0000000740bffff0, 0x0000000740c00000| 99%| O|  |TAMS 0x0000000740bffff0, 0x0000000740b00000| Untracked 
|  12|0x0000000740c00000, 0x0000000740cfffd0, 0x0000000740d00000| 99%| O|  |TAMS 0x0000000740cfffd0, 0x0000000740c00000| Untracked 
|  13|0x0000000740d00000, 0x0000000740dfdb28, 0x0000000740e00000| 99%| O|  |TAMS 0x0000000740dfdb28, 0x0000000740d00000| Untracked 
|  14|0x0000000740e00000, 0x0000000740f00000, 0x0000000740f00000|100%| O|  |TAMS 0x0000000740f00000, 0x0000000740e00000| Untracked 
|  15|0x0000000740f00000, 0x0000000740fffff8, 0x0000000741000000| 99%| O|  |TAMS 0x0000000740fffff8, 0x0000000740f00000| Untracked 
|  16|0x0000000741000000, 0x00000007410ffff8, 0x0000000741100000| 99%| O|  |TAMS 0x00000007410ffff8, 0x0000000741000000| Untracked 
|  17|0x0000000741100000, 0x00000007411ffff0, 0x0000000741200000| 99%| O|  |TAMS 0x00000007411ffff0, 0x0000000741100000| Untracked 
|  18|0x0000000741200000, 0x00000007412ffef0, 0x0000000741300000| 99%| O|  |TAMS 0x00000007412ffef0, 0x0000000741200000| Untracked 
|  19|0x0000000741300000, 0x00000007413ffeb8, 0x0000000741400000| 99%| O|  |TAMS 0x00000007413ffeb8, 0x0000000741300000| Untracked 
|  20|0x0000000741400000, 0x00000007414fff48, 0x0000000741500000| 99%| O|  |TAMS 0x00000007414fff48, 0x0000000741400000| Untracked 
|  21|0x0000000741500000, 0x0000000741600000, 0x0000000741600000|100%| O|  |TAMS 0x0000000741600000, 0x0000000741500000| Untracked 
|  22|0x0000000741600000, 0x00000007416fffd8, 0x0000000741700000| 99%| O|  |TAMS 0x00000007416fffd8, 0x0000000741600000| Untracked 
|  23|0x0000000741700000, 0x00000007417ffff0, 0x0000000741800000| 99%| O|  |TAMS 0x00000007417ffff0, 0x0000000741700000| Untracked 
|  24|0x0000000741800000, 0x00000007418ffff8, 0x0000000741900000| 99%| O|  |TAMS 0x00000007418ffff8, 0x0000000741800000| Untracked 
|  25|0x0000000741900000, 0x00000007419fffa8, 0x0000000741a00000| 99%| O|  |TAMS 0x00000007419fffa8, 0x0000000741900000| Untracked 
|  26|0x0000000741a00000, 0x0000000741affff0, 0x0000000741b00000| 99%| O|  |TAMS 0x0000000741affff0, 0x0000000741a00000| Untracked 
|  27|0x0000000741b00000, 0x0000000741bffff8, 0x0000000741c00000| 99%| O|  |TAMS 0x0000000741bffff8, 0x0000000741b00000| Untracked 
|  28|0x0000000741c00000, 0x0000000741cffff8, 0x0000000741d00000| 99%| O|  |TAMS 0x0000000741cffff8, 0x0000000741c00000| Untracked 
|  29|0x0000000741d00000, 0x0000000741e00000, 0x0000000741e00000|100%| O|  |TAMS 0x0000000741e00000, 0x0000000741d00000| Untracked 
|  30|0x0000000741e00000, 0x0000000741efff40, 0x0000000741f00000| 99%| O|  |TAMS 0x0000000741efff40, 0x0000000741e00000| Untracked 
|  31|0x0000000741f00000, 0x0000000741ffffe0, 0x0000000742000000| 99%| O|  |TAMS 0x0000000741ffffe0, 0x0000000741f00000| Untracked 
|  32|0x0000000742000000, 0x00000007420fffd8, 0x0000000742100000| 99%| O|  |TAMS 0x00000007420fffd8, 0x0000000742000000| Untracked 
|  33|0x0000000742100000, 0x00000007421fffc8, 0x0000000742200000| 99%| O|  |TAMS 0x00000007421fffc8, 0x0000000742100000| Untracked 
|  34|0x0000000742200000, 0x00000007422fffe8, 0x0000000742300000| 99%| O|  |TAMS 0x00000007422fffe8, 0x0000000742200000| Untracked 
|  35|0x0000000742300000, 0x00000007423fffe0, 0x0000000742400000| 99%| O|  |TAMS 0x00000007423fffe0, 0x0000000742300000| Untracked 
|  36|0x0000000742400000, 0x00000007424fffc0, 0x0000000742500000| 99%| O|  |TAMS 0x00000007424fffc0, 0x0000000742400000| Untracked 
|  37|0x0000000742500000, 0x00000007425fffe8, 0x0000000742600000| 99%| O|  |TAMS 0x00000007425fffe8, 0x0000000742500000| Untracked 
|  38|0x0000000742600000, 0x00000007426ffff8, 0x0000000742700000| 99%| O|  |TAMS 0x00000007426ffff8, 0x0000000742600000| Untracked 
|  39|0x0000000742700000, 0x0000000742800000, 0x0000000742800000|100%| O|  |TAMS 0x0000000742800000, 0x0000000742700000| Untracked 
|  40|0x0000000742800000, 0x00000007428ffff8, 0x0000000742900000| 99%| O|  |TAMS 0x00000007428ffff8, 0x0000000742800000| Untracked 
|  41|0x0000000742900000, 0x0000000742a00000, 0x0000000742a00000|100%|HS|  |TAMS 0x0000000742a00000, 0x0000000742900000| Complete 
|  42|0x0000000742a00000, 0x0000000742b00000, 0x0000000742b00000|100%|HC|  |TAMS 0x0000000742b00000, 0x0000000742a00000| Complete 
|  43|0x0000000742b00000, 0x0000000742c00000, 0x0000000742c00000|100%|HC|  |TAMS 0x0000000742c00000, 0x0000000742b00000| Complete 
|  44|0x0000000742c00000, 0x0000000742d00000, 0x0000000742d00000|100%|HC|  |TAMS 0x0000000742d00000, 0x0000000742c00000| Complete 
|  45|0x0000000742d00000, 0x0000000742e00000, 0x0000000742e00000|100%|HC|  |TAMS 0x0000000742e00000, 0x0000000742d00000| Complete 
|  46|0x0000000742e00000, 0x0000000742f00000, 0x0000000742f00000|100%|HC|  |TAMS 0x0000000742f00000, 0x0000000742e00000| Complete 
|  47|0x0000000742f00000, 0x0000000743000000, 0x0000000743000000|100%|HC|  |TAMS 0x0000000743000000, 0x0000000742f00000| Complete 
|  48|0x0000000743000000, 0x0000000743100000, 0x0000000743100000|100%|HC|  |TAMS 0x0000000743100000, 0x0000000743000000| Complete 
|  49|0x0000000743100000, 0x0000000743200000, 0x0000000743200000|100%|HC|  |TAMS 0x0000000743200000, 0x0000000743100000| Complete 
|  50|0x0000000743200000, 0x0000000743300000, 0x0000000743300000|100%|HC|  |TAMS 0x0000000743300000, 0x0000000743200000| Complete 
|  51|0x0000000743300000, 0x0000000743400000, 0x0000000743400000|100%|HC|  |TAMS 0x0000000743400000, 0x0000000743300000| Complete 
|  52|0x0000000743400000, 0x0000000743500000, 0x0000000743500000|100%|HC|  |TAMS 0x0000000743500000, 0x0000000743400000| Complete 
|  53|0x0000000743500000, 0x0000000743600000, 0x0000000743600000|100%|HC|  |TAMS 0x0000000743600000, 0x0000000743500000| Complete 
|  54|0x0000000743600000, 0x0000000743700000, 0x0000000743700000|100%|HC|  |TAMS 0x0000000743700000, 0x0000000743600000| Complete 
|  55|0x0000000743700000, 0x00000007437ffe90, 0x0000000743800000| 99%| O|  |TAMS 0x00000007437ffe90, 0x0000000743700000| Untracked 
|  56|0x0000000743800000, 0x00000007438ffde8, 0x0000000743900000| 99%| O|  |TAMS 0x00000007438ffde8, 0x0000000743800000| Untracked 
|  57|0x0000000743900000, 0x00000007439ffff8, 0x0000000743a00000| 99%| O|  |TAMS 0x00000007439ffff8, 0x0000000743900000| Untracked 
|  58|0x0000000743a00000, 0x0000000743affbb8, 0x0000000743b00000| 99%| O|  |TAMS 0x0000000743affbb8, 0x0000000743a00000| Untracked 
|  59|0x0000000743b00000, 0x0000000743bfffc0, 0x0000000743c00000| 99%| O|  |TAMS 0x0000000743bfffc0, 0x0000000743b00000| Untracked 
|  60|0x0000000743c00000, 0x0000000743cfffe8, 0x0000000743d00000| 99%| O|  |TAMS 0x0000000743cfffe8, 0x0000000743c00000| Untracked 
|  61|0x0000000743d00000, 0x0000000743dfffe0, 0x0000000743e00000| 99%| O|  |TAMS 0x0000000743dfffe0, 0x0000000743d00000| Untracked 
|  62|0x0000000743e00000, 0x0000000743f00000, 0x0000000743f00000|100%|HS|  |TAMS 0x0000000743f00000, 0x0000000743e00000| Complete 
|  63|0x0000000743f00000, 0x0000000744000000, 0x0000000744000000|100%|HC|  |TAMS 0x0000000744000000, 0x0000000743f00000| Complete 
|  64|0x0000000744000000, 0x00000007440ffff0, 0x0000000744100000| 99%| O|  |TAMS 0x00000007440ffff0, 0x0000000744000000| Untracked 
|  65|0x0000000744100000, 0x00000007441ffff8, 0x0000000744200000| 99%| O|  |TAMS 0x00000007441ffff8, 0x0000000744100000| Untracked 
|  66|0x0000000744200000, 0x00000007442ffff0, 0x0000000744300000| 99%| O|  |TAMS 0x00000007442ffff0, 0x0000000744200000| Untracked 
|  67|0x0000000744300000, 0x0000000744400000, 0x0000000744400000|100%| O|  |TAMS 0x0000000744400000, 0x0000000744300000| Untracked 
|  68|0x0000000744400000, 0x00000007444fffd8, 0x0000000744500000| 99%| O|  |TAMS 0x00000007444fffd8, 0x0000000744400000| Untracked 
|  69|0x0000000744500000, 0x00000007445ffff0, 0x0000000744600000| 99%| O|  |TAMS 0x00000007445ffff0, 0x0000000744500000| Untracked 
|  70|0x0000000744600000, 0x00000007446ffff8, 0x0000000744700000| 99%| O|  |TAMS 0x00000007446ffff8, 0x0000000744600000| Untracked 
|  71|0x0000000744700000, 0x00000007447fddf0, 0x0000000744800000| 99%| O|  |TAMS 0x00000007447fddf0, 0x0000000744700000| Untracked 
|  72|0x0000000744800000, 0x00000007448ffff0, 0x0000000744900000| 99%| O|  |TAMS 0x00000007448ffff0, 0x0000000744800000| Untracked 
|  73|0x0000000744900000, 0x00000007449ff958, 0x0000000744a00000| 99%| O|  |TAMS 0x00000007449ff958, 0x0000000744900000| Untracked 
|  74|0x0000000744a00000, 0x0000000744affb80, 0x0000000744b00000| 99%| O|  |TAMS 0x0000000744affb80, 0x0000000744a00000| Untracked 
|  75|0x0000000744b00000, 0x0000000744bffff8, 0x0000000744c00000| 99%| O|  |TAMS 0x0000000744bffff8, 0x0000000744b00000| Untracked 
|  76|0x0000000744c00000, 0x0000000744cfffe8, 0x0000000744d00000| 99%| O|  |TAMS 0x0000000744cfffe8, 0x0000000744c00000| Untracked 
|  77|0x0000000744d00000, 0x0000000744dffff0, 0x0000000744e00000| 99%| O|  |TAMS 0x0000000744dffff0, 0x0000000744d00000| Untracked 
|  78|0x0000000744e00000, 0x0000000744efff80, 0x0000000744f00000| 99%| O|  |TAMS 0x0000000744efff80, 0x0000000744e00000| Untracked 
|  79|0x0000000744f00000, 0x0000000744fff238, 0x0000000745000000| 99%| O|  |TAMS 0x0000000744fff238, 0x0000000744f00000| Untracked 
|  80|0x0000000745000000, 0x00000007450fffb0, 0x0000000745100000| 99%| O|  |TAMS 0x00000007450fffb0, 0x0000000745000000| Untracked 
|  81|0x0000000745100000, 0x00000007451ceec8, 0x0000000745200000| 80%| O|  |TAMS 0x00000007451ceec8, 0x0000000745100000| Untracked 
|  82|0x0000000745200000, 0x00000007452ffff8, 0x0000000745300000| 99%| O|  |TAMS 0x00000007452ffff8, 0x0000000745200000| Untracked 
|  83|0x0000000745300000, 0x0000000745400000, 0x0000000745400000|100%| O|  |TAMS 0x0000000745400000, 0x0000000745300000| Untracked 
|  84|0x0000000745400000, 0x00000007454fffe8, 0x0000000745500000| 99%| O|  |TAMS 0x00000007454fffe8, 0x0000000745400000| Untracked 
|  85|0x0000000745500000, 0x00000007455fd960, 0x0000000745600000| 99%| O|  |TAMS 0x00000007455fd960, 0x0000000745500000| Untracked 
|  86|0x0000000745600000, 0x00000007456fffe0, 0x0000000745700000| 99%| O|  |TAMS 0x00000007456fffe0, 0x0000000745600000| Untracked 
|  87|0x0000000745700000, 0x00000007457feb88, 0x0000000745800000| 99%| O|  |TAMS 0x00000007457feb88, 0x0000000745700000| Untracked 
|  88|0x0000000745800000, 0x00000007458ffff8, 0x0000000745900000| 99%| O|  |TAMS 0x00000007458ffff8, 0x0000000745800000| Untracked 
|  89|0x0000000745900000, 0x00000007459fffe8, 0x0000000745a00000| 99%| O|  |TAMS 0x00000007459fffe8, 0x0000000745900000| Untracked 
|  90|0x0000000745a00000, 0x0000000745affff8, 0x0000000745b00000| 99%| O|  |TAMS 0x0000000745affff8, 0x0000000745a00000| Untracked 
|  91|0x0000000745b00000, 0x0000000745bffec8, 0x0000000745c00000| 99%| O|  |TAMS 0x0000000745bffec8, 0x0000000745b00000| Untracked 
|  92|0x0000000745c00000, 0x0000000745cffff8, 0x0000000745d00000| 99%| O|  |TAMS 0x0000000745cffff8, 0x0000000745c00000| Untracked 
|  93|0x0000000745d00000, 0x0000000745dfff70, 0x0000000745e00000| 99%| O|  |TAMS 0x0000000745dfff70, 0x0000000745d00000| Untracked 
|  94|0x0000000745e00000, 0x0000000745effff8, 0x0000000745f00000| 99%| O|  |TAMS 0x0000000745effff8, 0x0000000745e00000| Untracked 
|  95|0x0000000745f00000, 0x0000000745fffff8, 0x0000000746000000| 99%| O|  |TAMS 0x0000000745fffff8, 0x0000000745f00000| Untracked 
|  96|0x0000000746000000, 0x0000000746086848, 0x0000000746100000| 52%| O|  |TAMS 0x0000000746086848, 0x0000000746000000| Untracked 
|  97|0x0000000746100000, 0x0000000746104f18, 0x0000000746200000|  1%| O|  |TAMS 0x0000000746104f18, 0x0000000746100000| Untracked 
|  98|0x0000000746200000, 0x000000074628d838, 0x0000000746300000| 55%| O|  |TAMS 0x000000074628d838, 0x0000000746200000| Untracked 
|  99|0x0000000746300000, 0x00000007463ab0d8, 0x0000000746400000| 66%| O|  |TAMS 0x00000007463ab0d8, 0x0000000746300000| Untracked 
| 100|0x0000000746400000, 0x00000007464ffff8, 0x0000000746500000| 99%| O|  |TAMS 0x00000007464ffff8, 0x0000000746400000| Untracked 
| 101|0x0000000746500000, 0x00000007465c0338, 0x0000000746600000| 75%| O|  |TAMS 0x00000007465c0338, 0x0000000746500000| Untracked 
| 102|0x0000000746600000, 0x0000000746700000, 0x0000000746700000|100%|HS|  |TAMS 0x0000000746700000, 0x0000000746600000| Complete 
| 103|0x0000000746700000, 0x0000000746800000, 0x0000000746800000|100%|HC|  |TAMS 0x0000000746800000, 0x0000000746700000| Complete 
| 104|0x0000000746800000, 0x0000000746900000, 0x0000000746900000|100%|HC|  |TAMS 0x0000000746900000, 0x0000000746800000| Complete 
| 105|0x0000000746900000, 0x0000000746a00000, 0x0000000746a00000|100%|HC|  |TAMS 0x0000000746a00000, 0x0000000746900000| Complete 
| 106|0x0000000746a00000, 0x0000000746b00000, 0x0000000746b00000|100%|HC|  |TAMS 0x0000000746b00000, 0x0000000746a00000| Complete 
| 107|0x0000000746b00000, 0x0000000746b00000, 0x0000000746c00000|  0%| F|  |TAMS 0x0000000746b00000, 0x0000000746b00000| Untracked 
| 108|0x0000000746c00000, 0x0000000746c00000, 0x0000000746d00000|  0%| F|  |TAMS 0x0000000746c00000, 0x0000000746c00000| Untracked 
| 109|0x0000000746d00000, 0x0000000746d00000, 0x0000000746e00000|  0%| F|  |TAMS 0x0000000746d00000, 0x0000000746d00000| Untracked 
| 110|0x0000000746e00000, 0x0000000746eac3b0, 0x0000000746f00000| 67%| O|  |TAMS 0x0000000746eac3b0, 0x0000000746e00000| Untracked 
| 111|0x0000000746f00000, 0x0000000746f00000, 0x0000000747000000|  0%| F|  |TAMS 0x0000000746f00000, 0x0000000746f00000| Untracked 
| 112|0x0000000747000000, 0x0000000747000000, 0x0000000747100000|  0%| F|  |TAMS 0x0000000747000000, 0x0000000747000000| Untracked 
| 113|0x0000000747100000, 0x00000007471b0fe8, 0x0000000747200000| 69%| O|  |TAMS 0x00000007471b0fe8, 0x0000000747100000| Untracked 
| 114|0x0000000747200000, 0x0000000747300000, 0x0000000747300000|100%|HS|  |TAMS 0x0000000747300000, 0x0000000747200000| Complete 
| 115|0x0000000747300000, 0x0000000747400000, 0x0000000747400000|100%|HC|  |TAMS 0x0000000747400000, 0x0000000747300000| Complete 
| 116|0x0000000747400000, 0x0000000747500000, 0x0000000747500000|100%|HC|  |TAMS 0x0000000747500000, 0x0000000747400000| Complete 
| 117|0x0000000747500000, 0x0000000747600000, 0x0000000747600000|100%|HC|  |TAMS 0x0000000747600000, 0x0000000747500000| Complete 
| 118|0x0000000747600000, 0x0000000747600000, 0x0000000747700000|  0%| F|  |TAMS 0x0000000747600000, 0x0000000747600000| Untracked 
| 119|0x0000000747700000, 0x0000000747700000, 0x0000000747800000|  0%| F|  |TAMS 0x0000000747700000, 0x0000000747700000| Untracked 
| 120|0x0000000747800000, 0x000000074785a748, 0x0000000747900000| 35%| O|  |TAMS 0x000000074785a748, 0x0000000747800000| Untracked 
| 121|0x0000000747900000, 0x0000000747900000, 0x0000000747a00000|  0%| F|  |TAMS 0x0000000747900000, 0x0000000747900000| Untracked 
| 122|0x0000000747a00000, 0x0000000747a00000, 0x0000000747b00000|  0%| F|  |TAMS 0x0000000747a00000, 0x0000000747a00000| Untracked 
| 123|0x0000000747b00000, 0x0000000747b00000, 0x0000000747c00000|  0%| F|  |TAMS 0x0000000747b00000, 0x0000000747b00000| Untracked 
| 124|0x0000000747c00000, 0x0000000747c00000, 0x0000000747d00000|  0%| F|  |TAMS 0x0000000747c00000, 0x0000000747c00000| Untracked 
| 125|0x0000000747d00000, 0x0000000747d00000, 0x0000000747e00000|  0%| F|  |TAMS 0x0000000747d00000, 0x0000000747d00000| Untracked 
| 126|0x0000000747e00000, 0x0000000747e00000, 0x0000000747f00000|  0%| F|  |TAMS 0x0000000747e00000, 0x0000000747e00000| Untracked 
| 127|0x0000000747f00000, 0x0000000747f00000, 0x0000000748000000|  0%| F|  |TAMS 0x0000000747f00000, 0x0000000747f00000| Untracked 
| 128|0x0000000748000000, 0x0000000748000000, 0x0000000748100000|  0%| F|  |TAMS 0x0000000748000000, 0x0000000748000000| Untracked 
| 129|0x0000000748100000, 0x00000007481bddd0, 0x0000000748200000| 74%| S|CS|TAMS 0x0000000748100000, 0x0000000748100000| Complete 
| 130|0x0000000748200000, 0x0000000748200000, 0x0000000748300000|  0%| F|  |TAMS 0x0000000748200000, 0x0000000748200000| Untracked 
| 131|0x0000000748300000, 0x0000000748300000, 0x0000000748400000|  0%| F|  |TAMS 0x0000000748300000, 0x0000000748300000| Untracked 
| 132|0x0000000748400000, 0x0000000748400000, 0x0000000748500000|  0%| F|  |TAMS 0x0000000748400000, 0x0000000748400000| Untracked 
| 133|0x0000000748500000, 0x0000000748500000, 0x0000000748600000|  0%| F|  |TAMS 0x0000000748500000, 0x0000000748500000| Untracked 
| 134|0x0000000748600000, 0x0000000748600000, 0x0000000748700000|  0%| F|  |TAMS 0x0000000748600000, 0x0000000748600000| Untracked 
| 135|0x0000000748700000, 0x0000000748700000, 0x0000000748800000|  0%| F|  |TAMS 0x0000000748700000, 0x0000000748700000| Untracked 
| 136|0x0000000748800000, 0x000000074880bd30, 0x0000000748900000|  4%| E|  |TAMS 0x0000000748800000, 0x0000000748800000| Complete 
| 137|0x0000000748900000, 0x0000000748a00000, 0x0000000748a00000|100%| E|CS|TAMS 0x0000000748900000, 0x0000000748900000| Complete 
| 138|0x0000000748a00000, 0x0000000748b00000, 0x0000000748b00000|100%| E|CS|TAMS 0x0000000748a00000, 0x0000000748a00000| Complete 
| 139|0x0000000748b00000, 0x0000000748c00000, 0x0000000748c00000|100%| E|CS|TAMS 0x0000000748b00000, 0x0000000748b00000| Complete 
| 140|0x0000000748c00000, 0x0000000748d00000, 0x0000000748d00000|100%| E|CS|TAMS 0x0000000748c00000, 0x0000000748c00000| Complete 
| 141|0x0000000748d00000, 0x0000000748e00000, 0x0000000748e00000|100%| E|CS|TAMS 0x0000000748d00000, 0x0000000748d00000| Complete 
| 142|0x0000000748e00000, 0x0000000748f00000, 0x0000000748f00000|100%| E|CS|TAMS 0x0000000748e00000, 0x0000000748e00000| Complete 
| 143|0x0000000748f00000, 0x0000000749000000, 0x0000000749000000|100%| E|CS|TAMS 0x0000000748f00000, 0x0000000748f00000| Complete 
| 144|0x0000000749000000, 0x0000000749100000, 0x0000000749100000|100%| E|CS|TAMS 0x0000000749000000, 0x0000000749000000| Complete 
| 145|0x0000000749100000, 0x0000000749200000, 0x0000000749200000|100%| E|CS|TAMS 0x0000000749100000, 0x0000000749100000| Complete 
| 146|0x0000000749200000, 0x0000000749300000, 0x0000000749300000|100%| E|CS|TAMS 0x0000000749200000, 0x0000000749200000| Complete 
| 147|0x0000000749300000, 0x0000000749400000, 0x0000000749400000|100%| E|CS|TAMS 0x0000000749300000, 0x0000000749300000| Complete 
| 148|0x0000000749400000, 0x0000000749500000, 0x0000000749500000|100%| E|CS|TAMS 0x0000000749400000, 0x0000000749400000| Complete 
| 149|0x0000000749500000, 0x0000000749600000, 0x0000000749600000|100%| E|CS|TAMS 0x0000000749500000, 0x0000000749500000| Complete 
| 150|0x0000000749600000, 0x0000000749700000, 0x0000000749700000|100%| E|CS|TAMS 0x0000000749600000, 0x0000000749600000| Complete 
| 151|0x0000000749700000, 0x0000000749800000, 0x0000000749800000|100%| E|CS|TAMS 0x0000000749700000, 0x0000000749700000| Complete 
| 152|0x0000000749800000, 0x0000000749900000, 0x0000000749900000|100%| E|CS|TAMS 0x0000000749800000, 0x0000000749800000| Complete 
| 153|0x0000000749900000, 0x0000000749a00000, 0x0000000749a00000|100%| E|CS|TAMS 0x0000000749900000, 0x0000000749900000| Complete 
| 154|0x0000000749a00000, 0x0000000749b00000, 0x0000000749b00000|100%| E|CS|TAMS 0x0000000749a00000, 0x0000000749a00000| Complete 
| 155|0x0000000749b00000, 0x0000000749c00000, 0x0000000749c00000|100%| E|CS|TAMS 0x0000000749b00000, 0x0000000749b00000| Complete 
| 156|0x0000000749c00000, 0x0000000749d00000, 0x0000000749d00000|100%| E|CS|TAMS 0x0000000749c00000, 0x0000000749c00000| Complete 
| 157|0x0000000749d00000, 0x0000000749e00000, 0x0000000749e00000|100%| E|CS|TAMS 0x0000000749d00000, 0x0000000749d00000| Complete 
| 158|0x0000000749e00000, 0x0000000749f00000, 0x0000000749f00000|100%| E|CS|TAMS 0x0000000749e00000, 0x0000000749e00000| Complete 
| 159|0x0000000749f00000, 0x000000074a000000, 0x000000074a000000|100%| E|CS|TAMS 0x0000000749f00000, 0x0000000749f00000| Complete 
| 160|0x000000074a000000, 0x000000074a100000, 0x000000074a100000|100%| E|CS|TAMS 0x000000074a000000, 0x000000074a000000| Complete 
| 161|0x000000074a100000, 0x000000074a200000, 0x000000074a200000|100%| E|CS|TAMS 0x000000074a100000, 0x000000074a100000| Complete 
| 162|0x000000074a200000, 0x000000074a300000, 0x000000074a300000|100%| E|CS|TAMS 0x000000074a200000, 0x000000074a200000| Complete 
| 163|0x000000074a300000, 0x000000074a400000, 0x000000074a400000|100%| E|CS|TAMS 0x000000074a300000, 0x000000074a300000| Complete 
| 164|0x000000074a400000, 0x000000074a500000, 0x000000074a500000|100%| E|CS|TAMS 0x000000074a400000, 0x000000074a400000| Complete 
| 165|0x000000074a500000, 0x000000074a600000, 0x000000074a600000|100%| E|CS|TAMS 0x000000074a500000, 0x000000074a500000| Complete 
| 166|0x000000074a600000, 0x000000074a700000, 0x000000074a700000|100%| E|CS|TAMS 0x000000074a600000, 0x000000074a600000| Complete 
| 167|0x000000074a700000, 0x000000074a800000, 0x000000074a800000|100%| E|CS|TAMS 0x000000074a700000, 0x000000074a700000| Complete 
| 168|0x000000074a800000, 0x000000074a900000, 0x000000074a900000|100%| E|CS|TAMS 0x000000074a800000, 0x000000074a800000| Complete 
| 169|0x000000074a900000, 0x000000074aa00000, 0x000000074aa00000|100%| E|CS|TAMS 0x000000074a900000, 0x000000074a900000| Complete 
| 170|0x000000074aa00000, 0x000000074ab00000, 0x000000074ab00000|100%| E|CS|TAMS 0x000000074aa00000, 0x000000074aa00000| Complete 
| 171|0x000000074ab00000, 0x000000074ac00000, 0x000000074ac00000|100%| E|CS|TAMS 0x000000074ab00000, 0x000000074ab00000| Complete 
| 172|0x000000074ac00000, 0x000000074ad00000, 0x000000074ad00000|100%| E|CS|TAMS 0x000000074ac00000, 0x000000074ac00000| Complete 
| 173|0x000000074ad00000, 0x000000074ae00000, 0x000000074ae00000|100%| E|CS|TAMS 0x000000074ad00000, 0x000000074ad00000| Complete 
| 174|0x000000074ae00000, 0x000000074af00000, 0x000000074af00000|100%| E|CS|TAMS 0x000000074ae00000, 0x000000074ae00000| Complete 
| 175|0x000000074af00000, 0x000000074b000000, 0x000000074b000000|100%| E|CS|TAMS 0x000000074af00000, 0x000000074af00000| Complete 
| 176|0x000000074b000000, 0x000000074b100000, 0x000000074b100000|100%| E|CS|TAMS 0x000000074b000000, 0x000000074b000000| Complete 
| 177|0x000000074b100000, 0x000000074b200000, 0x000000074b200000|100%| E|CS|TAMS 0x000000074b100000, 0x000000074b100000| Complete 
| 178|0x000000074b200000, 0x000000074b300000, 0x000000074b300000|100%| E|CS|TAMS 0x000000074b200000, 0x000000074b200000| Complete 
| 179|0x000000074b300000, 0x000000074b400000, 0x000000074b400000|100%| E|CS|TAMS 0x000000074b300000, 0x000000074b300000| Complete 
| 180|0x000000074b400000, 0x000000074b500000, 0x000000074b500000|100%| E|CS|TAMS 0x000000074b400000, 0x000000074b400000| Complete 
| 181|0x000000074b500000, 0x000000074b600000, 0x000000074b600000|100%| E|CS|TAMS 0x000000074b500000, 0x000000074b500000| Complete 
| 182|0x000000074b600000, 0x000000074b700000, 0x000000074b700000|100%| E|CS|TAMS 0x000000074b600000, 0x000000074b600000| Complete 
| 183|0x000000074b700000, 0x000000074b800000, 0x000000074b800000|100%| E|CS|TAMS 0x000000074b700000, 0x000000074b700000| Complete 
| 184|0x000000074b800000, 0x000000074b900000, 0x000000074b900000|100%| E|CS|TAMS 0x000000074b800000, 0x000000074b800000| Complete 
| 185|0x000000074b900000, 0x000000074ba00000, 0x000000074ba00000|100%| E|CS|TAMS 0x000000074b900000, 0x000000074b900000| Complete 
| 186|0x000000074ba00000, 0x000000074bb00000, 0x000000074bb00000|100%| E|CS|TAMS 0x000000074ba00000, 0x000000074ba00000| Complete 
| 187|0x000000074bb00000, 0x000000074bc00000, 0x000000074bc00000|100%| E|CS|TAMS 0x000000074bb00000, 0x000000074bb00000| Complete 
| 188|0x000000074bc00000, 0x000000074bd00000, 0x000000074bd00000|100%| E|CS|TAMS 0x000000074bc00000, 0x000000074bc00000| Complete 
| 189|0x000000074bd00000, 0x000000074be00000, 0x000000074be00000|100%| E|CS|TAMS 0x000000074bd00000, 0x000000074bd00000| Complete 

Card table byte_map: [0x000001991c580000,0x000001991cb80000] _byte_map_base: 0x0000019918b80000

Marking Bits (Prev, Next): (CMBitMap*) 0x000001991db6e080, (CMBitMap*) 0x000001991db6e048
 Prev Bits: [0x00000199263a0000, 0x00000199293a0000)
 Next Bits: [0x00000199233a0000, 0x00000199263a0000)

Polling page: 0x0000019900110000

Metaspace:

Usage:
  Non-class:     84.82 MB capacity,    83.37 MB ( 98%) used,     1.09 MB (  1%) free+waste,   358.69 KB ( <1%) overhead. 
      Class:     14.58 MB capacity,    13.39 MB ( 92%) used,     1.02 MB (  7%) free+waste,   173.94 KB (  1%) overhead. 
       Both:     99.40 MB capacity,    96.77 MB ( 97%) used,     2.11 MB (  2%) free+waste,   532.63 KB ( <1%) overhead. 

Virtual space:
  Non-class space:       86.00 MB reserved,      84.83 MB ( 99%) committed 
      Class space:        1.00 GB reserved,      14.63 MB (  1%) committed 
             Both:        1.08 GB reserved,      99.45 MB (  9%) committed 

Chunk freelists:
   Non-Class:  1.13 KB
       Class:  2.00 KB
        Both:  3.13 KB

CodeHeap 'non-profiled nmethods': size=119168Kb used=22191Kb max_used=22191Kb free=96976Kb
 bounds [0x0000019912db0000, 0x0000019914370000, 0x000001991a210000]
CodeHeap 'profiled nmethods': size=119168Kb used=42827Kb max_used=44188Kb free=76340Kb
 bounds [0x000001990b950000, 0x000001990e4b0000, 0x0000019912db0000]
CodeHeap 'non-nmethods': size=7424Kb used=1675Kb max_used=3385Kb free=5748Kb
 bounds [0x000001990b210000, 0x000001990b5d0000, 0x000001990b950000]
 total_blobs=34929 nmethods=18292 adapters=1138
 compilation: enabled
              stopped_count=0, restarted_count=0
 full_count=0

Compilation events (10 events):
Event: 2713.889 Thread 0x000001991f0fb000 nmethod 23898 0x000001991435b110 code [0x000001991435b340, 0x000001991435c878]
Event: 2713.889 Thread 0x000001991f0fb000 23902       4       ui.utils.h.j.aw::getTable (5 bytes)
Event: 2713.890 Thread 0x000001991f0fb000 nmethod 23902 0x000001991435d010 code [0x000001991435d1a0, 0x000001991435d278]
Event: 2714.913 Thread 0x0000019923276800 23903       3       java.lang.invoke.LambdaForm$MH/0x0000000800413440::invoke (56 bytes)
Event: 2714.913 Thread 0x0000019923276800 nmethod 23903 0x000001990de9a090 code [0x000001990de9a2a0, 0x000001990de9ab40]
Event: 2714.913 Thread 0x0000019923276800 23904       3       java.lang.invoke.LambdaForm$MH/0x0000000800413c40::invoke (244 bytes)
Event: 2714.913 Thread 0x0000019923276800 nmethod 23904 0x000001990deaf810 code [0x000001990deafb00, 0x000001990deb1140]
Event: 2715.044 Thread 0x000001991f0fb000 23905       4       javax.swing.tree.DefaultTreeModel::getChildCount (10 bytes)
Event: 2715.045 Thread 0x000001991f0fb000 nmethod 23905 0x000001991435d390 code [0x000001991435d520, 0x000001991435d618]
Event: 2715.072 Thread 0x000001991f0fb000 23906       4       ui.views.Q.b.i::paintExpandControl (258 bytes)

GC Heap History (10 events):
Event: 2661.910 GC heap before
{Heap before GC invocations=264 (full 5):
 garbage-first heap   total 194560K, used 174003K [0x0000000740000000, 0x0000000800000000)
  region size 1024K, 60 young (61440K), 0 survivors (0K)
 Metaspace       used 99023K, capacity 101751K, committed 101840K, reserved 1136640K
  class space    used 13696K, capacity 14896K, committed 14976K, reserved 1048576K
}
Event: 2661.912 GC heap after
{Heap after GC invocations=265 (full 5):
 garbage-first heap   total 194560K, used 113369K [0x0000000740000000, 0x0000000800000000)
  region size 1024K, 1 young (1024K), 1 survivors (1024K)
 Metaspace       used 99023K, capacity 101751K, committed 101840K, reserved 1136640K
  class space    used 13696K, capacity 14896K, committed 14976K, reserved 1048576K
}
Event: 2665.036 GC heap before
{Heap before GC invocations=266 (full 5):
 garbage-first heap   total 194560K, used 166617K [0x0000000740000000, 0x0000000800000000)
  region size 1024K, 54 young (55296K), 1 survivors (1024K)
 Metaspace       used 99038K, capacity 101751K, committed 101840K, reserved 1136640K
  class space    used 13696K, capacity 14896K, committed 14976K, reserved 1048576K
}
Event: 2665.039 GC heap after
{Heap after GC invocations=267 (full 5):
 garbage-first heap   total 194560K, used 113267K [0x0000000740000000, 0x0000000800000000)
  region size 1024K, 1 young (1024K), 1 survivors (1024K)
 Metaspace       used 99038K, capacity 101751K, committed 101840K, reserved 1136640K
  class space    used 13696K, capacity 14896K, committed 14976K, reserved 1048576K
}
Event: 2692.116 GC heap before
{Heap before GC invocations=268 (full 5):
 garbage-first heap   total 194560K, used 178803K [0x0000000740000000, 0x0000000800000000)
  region size 1024K, 60 young (61440K), 1 survivors (1024K)
 Metaspace       used 99039K, capacity 101751K, committed 101840K, reserved 1136640K
  class space    used 13696K, capacity 14896K, committed 14976K, reserved 1048576K
}
Event: 2692.118 GC heap after
{Heap after GC invocations=269 (full 5):
 garbage-first heap   total 194560K, used 118335K [0x0000000740000000, 0x0000000800000000)
  region size 1024K, 1 young (1024K), 1 survivors (1024K)
 Metaspace       used 99039K, capacity 101751K, committed 101840K, reserved 1136640K
  class space    used 13696K, capacity 14896K, committed 14976K, reserved 1048576K
}
Event: 2698.488 GC heap before
{Heap before GC invocations=269 (full 5):
 garbage-first heap   total 194560K, used 178751K [0x0000000740000000, 0x0000000800000000)
  region size 1024K, 60 young (61440K), 1 survivors (1024K)
 Metaspace       used 99051K, capacity 101751K, committed 101840K, reserved 1136640K
  class space    used 13696K, capacity 14896K, committed 14976K, reserved 1048576K
}
Event: 2698.490 GC heap after
{Heap after GC invocations=270 (full 5):
 garbage-first heap   total 194560K, used 118422K [0x0000000740000000, 0x0000000800000000)
  region size 1024K, 1 young (1024K), 1 survivors (1024K)
 Metaspace       used 99051K, capacity 101751K, committed 101840K, reserved 1136640K
  class space    used 13696K, capacity 14896K, committed 14976K, reserved 1048576K
}
Event: 2710.910 GC heap before
{Heap before GC invocations=271 (full 5):
 garbage-first heap   total 194560K, used 173718K [0x0000000740000000, 0x0000000800000000)
  region size 1024K, 60 young (61440K), 1 survivors (1024K)
 Metaspace       used 99057K, capacity 101751K, committed 101840K, reserved 1136640K
  class space    used 13696K, capacity 14896K, committed 14976K, reserved 1048576K
}
Event: 2710.913 GC heap after
{Heap after GC invocations=272 (full 5):
 garbage-first heap   total 194560K, used 113323K [0x0000000740000000, 0x0000000800000000)
  region size 1024K, 1 young (1024K), 1 survivors (1024K)
 Metaspace       used 99057K, capacity 101751K, committed 101840K, reserved 1136640K
  class space    used 13696K, capacity 14896K, committed 14976K, reserved 1048576K
}

Deoptimization events (10 events):
Event: 2655.203 Thread 0x0000019930fe0800 Uncommon trap: reason=unstable_if action=reinterpret pc=0x0000019913939204 method=javax.swing.text.BoxView.isAllocationValid()Z @ 11 c2
Event: 2656.975 Thread 0x0000019930fe0800 Uncommon trap: reason=class_check action=maybe_recompile pc=0x000001991379ec74 method=com.jidesoft.swing.JideBoxLayout.layoutContainer(Ljava/awt/Container;)V @ 229 c2
Event: 2658.922 Thread 0x0000019930fe0800 Uncommon trap: reason=null_check action=make_not_entrant pc=0x00000199136e2fac method=javax.swing.JLayeredPane.validateOptimizedDrawing()V @ 67 c2
Event: 2658.935 Thread 0x0000019930fe0800 Uncommon trap: reason=unstable_if action=reinterpret pc=0x0000019913c64430 method=javax.swing.JLayeredPane.insertIndexForLayer(Ljava/awt/Component;II)I @ 118 c2
Event: 2659.227 Thread 0x0000019930fe0800 Uncommon trap: reason=unstable_if action=reinterpret pc=0x00000199137a9bf0 method=com.jidesoft.grid.TableModelWrapperUtils.getRowAt(Ljavax/swing/table/TableModel;Ljavax/swing/table/TableModel;I)I @ 7 c2
Event: 2659.302 Thread 0x0000019930fe0800 Uncommon trap: reason=unstable_if action=reinterpret pc=0x00000199140ca1b8 method=java.awt.Container.clearMostRecentFocusOwnerOnHide()V @ 29 c2
Event: 2659.322 Thread 0x0000019930fe0800 Uncommon trap: reason=unstable_if action=reinterpret pc=0x00000199138036c8 method=ui.views.R.y.paintComponent(Ljava/awt/Graphics;)V @ 335 c2
Event: 2662.867 Thread 0x0000019930fe0800 Uncommon trap: reason=unstable_if action=reinterpret pc=0x00000199140cfb88 method=com.jidesoft.swing.JideSwingUtilities.isAncestorOfFocusOwner(Ljava/awt/Component;)Z @ 11 c2
Event: 2666.549 Thread 0x0000019930fe0800 Uncommon trap: reason=unstable_if action=reinterpret pc=0x0000019913d5cd68 method=javax.swing.JComponent.paintChildren(Ljava/awt/Graphics;)V @ 384 c2
Event: 2715.079 Thread 0x0000019930fe0800 Uncommon trap: reason=class_check action=maybe_recompile pc=0x0000019913b14f44 method=javax.swing.plaf.synth.ParsedSynthStyle$DelegatingPainter.paintPanelBackground(Ljavax/swing/plaf/synth/SynthContext;Ljava/awt/Graphics;IIII)V @ 16 c2

Classes redefined (0 events):
No events

Internal exceptions (10 events):
Event: 2674.936 Thread 0x0000019930fe0800 Exception <a 'java/io/FileNotFoundException'{0x000000074a599aa0}> (0x000000074a599aa0) thrown at [t:/workspace/open/src/hotspot/share/prims/jni.cpp, line 615]
Event: 2679.937 Thread 0x0000019930fe0800 Exception <a 'java/io/FileNotFoundException'{0x000000074a271730}> (0x000000074a271730) thrown at [t:/workspace/open/src/hotspot/share/prims/jni.cpp, line 615]
Event: 2684.937 Thread 0x0000019930fe0800 Exception <a 'java/io/FileNotFoundException'{0x000000074a29aa20}> (0x000000074a29aa20) thrown at [t:/workspace/open/src/hotspot/share/prims/jni.cpp, line 615]
Event: 2689.938 Thread 0x0000019930fe0800 Exception <a 'java/io/FileNotFoundException'{0x0000000749383dc0}> (0x0000000749383dc0) thrown at [t:/workspace/open/src/hotspot/share/prims/jni.cpp, line 615]
Event: 2694.940 Thread 0x0000019930fe0800 Exception <a 'java/io/FileNotFoundException'{0x00000007491befc8}> (0x00000007491befc8) thrown at [t:/workspace/open/src/hotspot/share/prims/jni.cpp, line 615]
Event: 2699.940 Thread 0x0000019930fe0800 Exception <a 'java/io/FileNotFoundException'{0x000000074b616100}> (0x000000074b616100) thrown at [t:/workspace/open/src/hotspot/share/prims/jni.cpp, line 615]
Event: 2704.942 Thread 0x0000019930fe0800 Exception <a 'java/io/FileNotFoundException'{0x0000000749c4cb20}> (0x0000000749c4cb20) thrown at [t:/workspace/open/src/hotspot/share/prims/jni.cpp, line 615]
Event: 2709.942 Thread 0x0000019930fe0800 Exception <a 'java/io/FileNotFoundException'{0x0000000749a9f6a0}> (0x0000000749a9f6a0) thrown at [t:/workspace/open/src/hotspot/share/prims/jni.cpp, line 615]
Event: 2713.821 Thread 0x000001992e438000 Exception <a 'java/lang/InterruptedException'{0x0000000749becd18}: sleep interrupted> (0x0000000749becd18) thrown at [t:/workspace/open/src/hotspot/share/prims/jvm.cpp, line 3117]
Event: 2714.944 Thread 0x0000019930fe0800 Exception <a 'java/io/FileNotFoundException'{0x00000007495fb4b8}> (0x00000007495fb4b8) thrown at [t:/workspace/open/src/hotspot/share/prims/jni.cpp, line 615]

Events (10 events):
Event: 2713.861 Executing VM operation: RevokeBias
Event: 2713.861 Executing VM operation: RevokeBias done
Event: 2713.869 Thread 0x0000019930fe0800 DEOPT PACKING pc=0x000001990c822a11 sp=0x0000004e0a6f63b0
Event: 2713.869 Thread 0x0000019930fe0800 DEOPT UNPACKING pc=0x000001990b238fce sp=0x0000004e0a6f58d8 mode 0
Event: 2713.880 Thread 0x000001992f71e000 Thread exited: 0x000001992f71e000
Event: 2714.245 Thread 0x000001992f71e000 Thread added: 0x000001992f71e000
Event: 2714.248 Thread 0x000001992f71e000 Thread exited: 0x000001992f71e000
Event: 2715.079 Thread 0x0000019930fe0800 Uncommon trap: trap_request=0xffffffde fr.pc=0x0000019913b14f44 relative=0x0000000000000be4
Event: 2715.079 Thread 0x0000019930fe0800 DEOPT PACKING pc=0x0000019913b14f44 sp=0x0000004e0a6fa880
Event: 2715.079 Thread 0x0000019930fe0800 DEOPT UNPACKING pc=0x000001990b2391af sp=0x0000004e0a6fa7f8 mode 2


Dynamic libraries:
0x00007ff6b6060000 - 0x00007ff6b608f000 	C:\Xilinx\Vivado\2020.2\bin\unwrapped\win64.o\vivado.exe
0x00007ffc01370000 - 0x00007ffc01565000 	C:\Windows\SYSTEM32\ntdll.dll
0x00007ffc00d70000 - 0x00007ffc00e2e000 	C:\Windows\System32\KERNEL32.DLL
0x00007ffbfeef0000 - 0x00007ffbff1b8000 	C:\Windows\System32\KERNELBASE.dll
0x00007ffbff1c0000 - 0x00007ffbff2c0000 	C:\Windows\System32\ucrtbase.dll
0x00007ffbe9b20000 - 0x00007ffbe9bad000 	C:\Windows\SYSTEM32\MSVCP140.dll
0x00007ffbe9bd0000 - 0x00007ffbe9beb000 	C:\Windows\SYSTEM32\VCRUNTIME140.dll
0x00007ffbf8b10000 - 0x00007ffbf8b23000 	C:\Xilinx\Vivado\2020.2\lib\win64.o\libboost_signals.dll
0x00007ffbf7460000 - 0x00007ffbf7478000 	C:\Xilinx\Vivado\2020.2\lib\win64.o\librdi_commonmain.dll
0x00007ffbe8b40000 - 0x00007ffbe8b4c000 	C:\Windows\SYSTEM32\VCRUNTIME140_1.dll
0x00007ffbebec0000 - 0x00007ffbebee2000 	C:\Xilinx\Vivado\2020.2\lib\win64.o\libboost_filesystem.dll
0x00007ffbffe40000 - 0x00007ffbffeee000 	C:\Windows\System32\ADVAPI32.dll
0x00007ffc00680000 - 0x00007ffc0071e000 	C:\Windows\System32\msvcrt.dll
0x00007ffbff3d0000 - 0x00007ffbff46c000 	C:\Windows\System32\sechost.dll
0x00007ffbf8430000 - 0x00007ffbf8439000 	C:\Xilinx\Vivado\2020.2\lib\win64.o\librdi_commonversion.dll
0x00007ffbff4a0000 - 0x00007ffbff5c5000 	C:\Windows\System32\RPCRT4.dll
0x00000000554f0000 - 0x000000005561b000 	C:\Xilinx\Vivado\2020.2\lib\win64.o\tcl85t.dll
0x00007ffbe4150000 - 0x00007ffbe42e9000 	C:\Xilinx\Vivado\2020.2\lib\win64.o\librdi_commonxillic.dll
0x00007ffc01110000 - 0x00007ffc012b0000 	C:\Windows\System32\USER32.dll
0x00007ffc01040000 - 0x00007ffc010ab000 	C:\Windows\System32\WS2_32.dll
0x00007ffbff3a0000 - 0x00007ffbff3c2000 	C:\Windows\System32\win32u.dll
0x00007ffbffef0000 - 0x00007ffbfff1b000 	C:\Windows\System32\GDI32.dll
0x00007ffbff370000 - 0x00007ffbff397000 	C:\Windows\System32\bcrypt.dll
0x00007ffbfeb90000 - 0x00007ffbfec9b000 	C:\Windows\System32\gdi32full.dll
0x00007ffbfee50000 - 0x00007ffbfeeed000 	C:\Windows\System32\msvcp_win.dll
0x00007ffbf6c40000 - 0x00007ffbf6c49000 	C:\Xilinx\Vivado\2020.2\lib\win64.o\libboost_system.dll
0x00007ffba4630000 - 0x00007ffba490b000 	C:\Xilinx\Vivado\2020.2\lib\win64.o\libXil_lmgr11.dll
0x00007ffc00f60000 - 0x00007ffc0103b000 	C:\Windows\System32\COMDLG32.dll
0x00007ffc008e0000 - 0x00007ffc00c34000 	C:\Windows\System32\combase.dll
0x00007ffbff8c0000 - 0x00007ffbff96d000 	C:\Windows\System32\shcore.dll
0x00007ffbff970000 - 0x00007ffbff9c5000 	C:\Windows\System32\SHLWAPI.dll
0x00007ffbfff30000 - 0x00007ffc00674000 	C:\Windows\System32\SHELL32.dll
0x00007ffc00e90000 - 0x00007ffc00f5d000 	C:\Windows\System32\OLEAUT32.dll
0x00007ffc00c40000 - 0x00007ffc00d6a000 	C:\Windows\System32\ole32.dll
0x00007ffbfeb20000 - 0x00007ffbfeb88000 	C:\Windows\System32\WINTRUST.dll
0x00007ffbfeca0000 - 0x00007ffbfedf6000 	C:\Windows\System32\CRYPT32.dll
0x00007ffbe4030000 - 0x00007ffbe4141000 	C:\Xilinx\Vivado\2020.2\lib\win64.o\libboost_regex.dll
0x00007ffb82e70000 - 0x00007ffb83c62600 	C:\Xilinx\Vivado\2020.2\lib\win64.o\libisl_iostreams.dll
0x00007ffbeab20000 - 0x00007ffbeab3a000 	C:\Windows\SYSTEM32\NETAPI32.dll
0x00007ffbefed0000 - 0x00007ffbeff80000 	C:\Windows\WinSxS\amd64_microsoft.windows.common-controls_6595b64144ccf1df_5.82.19041.1110_none_792d1c772443f647\COMCTL32.dll
0x00007ffbe8b50000 - 0x00007ffbe8b59000 	C:\Windows\SYSTEM32\WSOCK32.dll
0x00007ffbf24b0000 - 0x00007ffbf24cd000 	C:\Windows\SYSTEM32\dhcpcsvc.DLL
0x00007ffbf6330000 - 0x00007ffbf6340000 	C:\Xilinx\Vivado\2020.2\lib\win64.o\libboost_date_time.dll
0x00007ffbefeb0000 - 0x00007ffbefec6000 	C:\Xilinx\Vivado\2020.2\lib\win64.o\libboost_iostreams.dll
0x00007ffbebf30000 - 0x00007ffbebf4e000 	C:\Xilinx\Vivado\2020.2\lib\win64.o\libboost_thread.dll
0x00007ffbebe90000 - 0x00007ffbebeb3000 	C:\Xilinx\Vivado\2020.2\lib\win64.o\libisl_iosutils.dll
0x00007ffbebc40000 - 0x00007ffbebc5a000 	C:\Xilinx\Vivado\2020.2\lib\win64.o\pthreadVC2.dll
0x00007ffbead00000 - 0x00007ffbead21000 	C:\Xilinx\Vivado\2020.2\lib\win64.o\librdizlib.dll
0x00007ffbf6320000 - 0x00007ffbf632c000 	C:\Xilinx\Vivado\2020.2\lib\win64.o\libboost_chrono.dll
0x00007ffb81cf0000 - 0x00007ffb82e67000 	C:\Xilinx\Vivado\2020.2\lib\win64.o\librdi_common.dll
0x00007ffbdbc10000 - 0x00007ffbdbc83000 	C:\Xilinx\Vivado\2020.2\lib\win64.o\libboost_program_options.dll
0x00007ffba33e0000 - 0x00007ffba374e000 	C:\Xilinx\Vivado\2020.2\lib\win64.o\libCOIN-all.dll
0x00007ffbebe70000 - 0x00007ffbebe7c000 	C:\Xilinx\Vivado\2020.2\lib\win64.o\libboost_xilinx.dll
0x00007ffbdb730000 - 0x00007ffbdb7b2000 	C:\Xilinx\Vivado\2020.2\lib\win64.o\libhdlpsolve.dll
0x00007ffbdb550000 - 0x00007ffbdb5f5000 	C:\Xilinx\Vivado\2020.2\lib\win64.o\libhdxml.dll
0x00007ffbeacd0000 - 0x00007ffbeacf8000 	C:\Xilinx\Vivado\2020.2\lib\win64.o\libisl_sysinfo.dll
0x00007ffbe4550000 - 0x00007ffbe45b5000 	C:\Xilinx\Vivado\2020.2\lib\win64.o\liblmx6.0.dll
0x00007ffbe9640000 - 0x00007ffbe9b16000 	C:\Windows\SYSTEM32\WININET.dll
0x00007ffbe7e50000 - 0x00007ffbe7e6c000 	C:\Xilinx\Vivado\2020.2\lib\win64.o\librdiconfig.dll
0x0000000012000000 - 0x0000000012270000 	C:\Xilinx\Vivado\2020.2\lib\win64.o\xerces-c_3_1.dll
0x00007ffbf6010000 - 0x00007ffbf6119000 	C:\Windows\SYSTEM32\WINHTTP.dll
0x00007ffbe7880000 - 0x00007ffbe7a6c000 	C:\Windows\SYSTEM32\urlmon.dll
0x00007ffbe4970000 - 0x00007ffbe49a1000 	C:\Windows\SYSTEM32\VCOMP140.DLL
0x00007ffb7fdd0000 - 0x00007ffb81ce7000 	C:\Xilinx\Vivado\2020.2\lib\win64.o\gurobi90.dll
0x00007ffc00e30000 - 0x00007ffc00e86000 	C:\Windows\System32\WLDAP32.dll
0x00007ffbff8b0000 - 0x00007ffbff8b8000 	C:\Windows\System32\Normaliz.dll
0x00007ffbe75c0000 - 0x00007ffbe7871000 	C:\Windows\SYSTEM32\iertutil.dll
0x00007ffbf3ec0000 - 0x00007ffbf3ee8000 	C:\Windows\SYSTEM32\srvcli.dll
0x00007ffbfe000000 - 0x00007ffbfe00c000 	C:\Windows\SYSTEM32\netutils.dll
0x00007ffbfe250000 - 0x00007ffbfe2ba000 	C:\Windows\SYSTEM32\MSWSOCK.DLL
0x00007ffbff470000 - 0x00007ffbff4a0000 	C:\Windows\System32\IMM32.DLL
0x00007ffbfe670000 - 0x00007ffbfe682000 	C:\Windows\SYSTEM32\MSASN1.dll
0x00007ffbfd350000 - 0x00007ffbfd362000 	C:\Windows\SYSTEM32\kernel.appcore.dll
0x00007ffb7f8a0000 - 0x00007ffb7fdc2000 	C:\Xilinx\Vivado\2020.2\lib\win64.o\librdi_commontasks.dll
0x00007ffbf3a20000 - 0x00007ffbf3a2a000 	C:\Windows\SYSTEM32\VERSION.dll
0x00007ffb90980000 - 0x00007ffb90c55000 	C:\Xilinx\Vivado\2020.2\lib\win64.o\librdi_sio.dll
0x00007ffbfdef0000 - 0x00007ffbfdf2b000 	C:\Windows\SYSTEM32\IPHLPAPI.DLL
0x00007ffb7ed70000 - 0x00007ffb7f893000 	C:\Xilinx\Vivado\2020.2\tps\win64\jre11.0.2\bin\server\jvm.dll
0x00007ffbfff20000 - 0x00007ffbfff28000 	C:\Windows\System32\PSAPI.DLL
0x00007ffbf35e0000 - 0x00007ffbf3607000 	C:\Windows\SYSTEM32\WINMM.dll
0x00007ffbfc8e0000 - 0x00007ffbfd074000 	C:\Windows\SYSTEM32\windows.storage.dll
0x00007ffbfe4f0000 - 0x00007ffbfe51c000 	C:\Windows\SYSTEM32\Wldp.dll
0x00007ffb7c2b0000 - 0x00007ffb7ed6e000 	C:\Xilinx\Vivado\2020.2\lib\win64.o\librdi_tcltasks.dll
0x00007ffbd5980000 - 0x00007ffbd59fe000 	C:\Xilinx\Vivado\2020.2\lib\win64.o\librdi_boarddep.dll
0x00007ffbd4160000 - 0x00007ffbd4256000 	C:\Xilinx\Vivado\2020.2\lib\win64.o\librdi_chipscope.dll
0x00007ffba4470000 - 0x00007ffba4623000 	C:\Xilinx\Vivado\2020.2\lib\win64.o\librdi_board.dll
0x00007ffb7be00000 - 0x00007ffb7c2a6000 	C:\Xilinx\Vivado\2020.2\lib\win64.o\librdi_bitstream.dll
0x00007ffb90f90000 - 0x00007ffb9117a000 	C:\Xilinx\Vivado\2020.2\lib\win64.o\librdi_chipscopeimpl.dll
0x00007ffb8fdb0000 - 0x00007ffb8ff11000 	C:\Xilinx\Vivado\2020.2\lib\win64.o\librdi_containers.dll
0x00007ffb7b6e0000 - 0x00007ffb7bdf8000 	C:\Xilinx\Vivado\2020.2\lib\win64.o\librdi_coregenipxact.dll
0x00007ffb79320000 - 0x00007ffb7b6dd000 	C:\Xilinx\Vivado\2020.2\lib\win64.o\librdi_coregen.dll
0x00007ffb78fb0000 - 0x00007ffb79318000 	C:\Xilinx\Vivado\2020.2\lib\win64.o\librdi_dlyest.dll
0x00007ffb77180000 - 0x00007ffb78fac000 	C:\Xilinx\Vivado\2020.2\lib\win64.o\librdi_constraints.dll
0x00007ffbc6d60000 - 0x00007ffbc6e13000 	C:\Xilinx\Vivado\2020.2\lib\win64.o\librdi_dsp.dll
0x00007ffb5eba0000 - 0x00007ffb7717f000 	C:\Xilinx\Vivado\2020.2\lib\win64.o\librdi_device.dll
0x00007ffb5e880000 - 0x00007ffb5eb9d000 	C:\Xilinx\Vivado\2020.2\lib\win64.o\librdi_guitools.dll
0x00007ffbd55b0000 - 0x00007ffbd561b000 	C:\Xilinx\Vivado\2020.2\lib\win64.o\librdi_hdf.dll
0x00007ffb5e600000 - 0x00007ffb5e877000 	C:\Xilinx\Vivado\2020.2\lib\win64.o\librdi_hip_devdesign.dll
0x00007ffb8fa80000 - 0x00007ffb8fbc7000 	C:\Xilinx\Vivado\2020.2\lib\win64.o\librdi_hip_perf_analysis.dll
0x00007ffb5c890000 - 0x00007ffb5e5f1000 	C:\Xilinx\Vivado\2020.2\lib\win64.o\librdi_designutils.dll
0x00007ffb5c240000 - 0x00007ffb5c88c000 	C:\Xilinx\Vivado\2020.2\lib\win64.o\librdi_memdata.dll
0x00007ffbc72f0000 - 0x00007ffbc7362000 	C:\Xilinx\Vivado\2020.2\lib\win64.o\librdi_memoryarray.dll
0x00007ffb5bbe0000 - 0x00007ffb5c23d000 	C:\Xilinx\Vivado\2020.2\lib\win64.o\librdi_drc.dll
0x00007ffb5b4b0000 - 0x00007ffb5bbdc000 	C:\Xilinx\Vivado\2020.2\lib\win64.o\librdi_netlist.dll
0x00007ffbcc8e0000 - 0x00007ffbcc934000 	C:\Xilinx\Vivado\2020.2\lib\win64.o\librdi_pfi.dll
0x00007ffb5ade0000 - 0x00007ffb5b4a2000 	C:\Xilinx\Vivado\2020.2\lib\win64.o\librdi_filemgmt.dll
0x00007ffb5aa40000 - 0x00007ffb5adde000 	C:\Xilinx\Vivado\2020.2\lib\win64.o\librdi_platform.dll
0x00007ffb5a220000 - 0x00007ffb5aa37000 	C:\Xilinx\Vivado\2020.2\lib\win64.o\librdi_power.dll
0x00007ffb59ba0000 - 0x00007ffb5a214000 	C:\Xilinx\Vivado\2020.2\lib\win64.o\librdi_project.dll
0x00007ffb57fc0000 - 0x00007ffb59b94000 	C:\Xilinx\Vivado\2020.2\lib\win64.o\librdi_implflow.dll
0x00007ffb577b0000 - 0x00007ffb57fbc000 	C:\Xilinx\Vivado\2020.2\lib\win64.o\librdi_rsb.dll
0x00007ffb55360000 - 0x00007ffb577a4000 	C:\Xilinx\Vivado\2020.2\lib\win64.o\librdi_mig.dll
0x00007ffbaf450000 - 0x00007ffbaf559000 	C:\Xilinx\Vivado\2020.2\lib\win64.o\librdi_runsbase.dll
0x00007ffb550e0000 - 0x00007ffb55354000 	C:\Xilinx\Vivado\2020.2\lib\win64.o\librdi_simdata.dll
0x00007ffb549b0000 - 0x00007ffb550d2000 	C:\Xilinx\Vivado\2020.2\lib\win64.o\librdi_psta.dll
0x00007ffb8b650000 - 0x00007ffb8b766000 	C:\Xilinx\Vivado\2020.2\lib\win64.o\librdi_xhub.dll
0x00007ffbbbb00000 - 0x00007ffbbbba7000 	C:\Xilinx\Vivado\2020.2\lib\win64.o\librdi_xhubtasks.dll
0x00007ffb547c0000 - 0x00007ffb549ab000 	C:\Xilinx\Vivado\2020.2\lib\win64.o\librdi_advchipscopeimpl.dll
0x00007ffb515b0000 - 0x00007ffb547b7000 	C:\Xilinx\Vivado\2020.2\lib\win64.o\librdi_place.dll
0x00007ffbd5930000 - 0x00007ffbd5976000 	C:\Xilinx\Vivado\2020.2\lib\win64.o\libboost_graph.dll
0x00007ffba43a0000 - 0x00007ffba4466000 	C:\Xilinx\Vivado\2020.2\lib\win64.o\librdi_bda.dll
0x00007ffb50e40000 - 0x00007ffb515a7000 	C:\Xilinx\Vivado\2020.2\lib\win64.o\librdi_ippcw.dll
0x00007ffbc9df0000 - 0x00007ffbc9e5a000 	C:\Xilinx\Vivado\2020.2\lib\win64.o\librdi_noc_frameworks.dll
0x00007ffb50910000 - 0x00007ffb50e3b000 	C:\Xilinx\Vivado\2020.2\lib\win64.o\librdi_runs.dll
0x00007ffbd4110000 - 0x00007ffbd4157000 	C:\Xilinx\Vivado\2020.2\lib\win64.o\libboost_serialization.dll
0x00007ffba4150000 - 0x00007ffba41ee000 	C:\Xilinx\Vivado\2020.2\lib\win64.o\libise.dll
0x00007ffb902e0000 - 0x00007ffb903cb000 	C:\Xilinx\Vivado\2020.2\lib\win64.o\librdi_ipconfig_readwrite.dll
0x00007ffb4f980000 - 0x00007ffb50901000 	C:\Xilinx\Vivado\2020.2\lib\win64.o\librdi_timing.dll

dbghelp: loaded successfully - version: 4.0.5 - missing functions: none
symbol engine: initialized successfully - sym options: 0x614 - pdb path: .;C:\Xilinx\Vivado\2020.2\bin\unwrapped\win64.o;C:\Windows\SYSTEM32;C:\Xilinx\Vivado\2020.2\lib\win64.o;C:\Windows\WinSxS\amd64_microsoft.windows.common-controls_6595b64144ccf1df_5.82.19041.1110_none_792d1c772443f647;C:\Xilinx\Vivado\2020.2\tps\win64\jre11.0.2\bin\server;C:\Xilinx\Vivado\2020.2\tps\win64\python-3.8.3;C:\Xilinx\Vivado\2020.2\tps\win64\jre11.0.2\bin;C:\Windows\WinSxS\amd64_microsoft.windows.common-controls_6595b64144ccf1df_6.0.19041.1110_none_60b5254171f9507e;D:\program\translate\Dict\8.10.0.0;C:\Windows\WinSxS\amd64_microsoft.windows.gdiplus_6595b64144ccf1df_1.1.19041.1566_none_91a49058cc87e409

VM Arguments:
jvm_args: -Dsun.java2d.pmoffscreen=false -Dhttps.protocols=TLSv1,TLSv1.1,TLSv1.2 -Dsun.java2d.xrender=false -Dsun.java2d.d3d=false -Dsun.awt.nopixfmt=true -Dsun.java2d.dpiaware=true -Dsun.java2d.uiScale.enabled=false -Xverify:none -Dswing.aatext=true -XX:-UsePerfData -Djdk.map.althashing.threshold=512 -XX:StringTableSize=4072 --add-opens=java.base/java.nio=ALL-UNNAMED --add-opens=java.desktop/sun.swing=ALL-UNNAMED --add-opens=java.desktop/javax.swing=ALL-UNNAMED --add-opens=java.desktop/javax.swing.tree=ALL-UNNAMED --add-opens=java.desktop/javax.swing.plaf.basic=ALL-UNNAMED --add-opens=java.desktop/javax.swing.plaf.synth=ALL-UNNAMED --add-opens=java.desktop/com.sun.awt=ALL-UNNAMED -XX:NewSize=60m -XX:MaxNewSize=60m -Xms128m -Xmx3072m -Xss5m 
java_command: <unknown>
java_class_path (initial): C:/Xilinx/Vivado/2020.2\lib\classes\alloy.jar;C:/Xilinx/Vivado/2020.2\lib\classes\ArchiveSummary.jar;C:/Xilinx/Vivado/2020.2\lib\classes\autoesl-models.jar;C:/Xilinx/Vivado/2020.2\lib\classes\autopilot.scelaborator.jar;C:/Xilinx/Vivado/2020.2\lib\classes\autopilot.sourceprocessor.jar;C:/Xilinx/Vivado/2020.2\lib\classes\autopilot.tbprocessor.jar;C:/Xilinx/Vivado/2020.2\lib\classes\batik-anim.jar;C:/Xilinx/Vivado/2020.2\lib\classes\batik-awt-util.jar;C:/Xilinx/Vivado/2020.2\lib\classes\batik-bridge.jar;C:/Xilinx/Vivado/2020.2\lib\classes\batik-codec.jar;C:/Xilinx/Vivado/2020.2\lib\classes\batik-css.jar;C:/Xilinx/Vivado/2020.2\lib\classes\batik-dom.jar;C:/Xilinx/Vivado/2020.2\lib\classes\batik-ext.jar;C:/Xilinx/Vivado/2020.2\lib\classes\batik-gui-util.jar;C:/Xilinx/Vivado/2020.2\lib\classes\batik-gvt.jar;C:/Xilinx/Vivado/2020.2\lib\classes\batik-parser.jar;C:/Xilinx/Vivado/2020.2\lib\classes\batik-script.jar;C:/Xilinx/Vivado/2020.2\lib\classes\batik-svg-dom.jar;C:/Xilinx/Vivado/2020.2\lib\classes\batik-swing.jar;C:/Xilinx/Vivado/2020.2\lib\classes\batik-transcoder.jar;C:/Xilinx/Vivado/2020.2\lib\classes\batik-util.jar;C:/Xilinx/Vivado/2020.2\lib\classes\batik-xml.jar;C:/Xilinx/Vivado/2020.2\lib\classes\com.google.gson_2.8.2.v20180104-1110.jar;C:/Xilinx/Vivado/2020.2\lib\classes\com.google.guava_27.1.0.v20190517-1946.jar;C:/Xilinx/Vivado/2020.2\lib\classes\com.ibm.icu_4.4.2.v20110208.jar;C:/Xilinx/Vivado/2020.2\lib\classes\com.sigasi.hdt.connection_4.9.0.202009050929.jar;C:/Xilinx/Vivado/2020.2\lib\classes\com.sigasi.hdt.epl_4.9.0.202009050929.jar;C:/Xilinx/Vivado/2020.2\lib\classes\com.sigasi.hdt.project_4.9.0.202009050929.jar;C:/Xilinx/Vivado/2020.2\lib\classes\com.sigasi.hdt.readonlyfilesystem_4.9.0.202009050929.jar;C:/Xilinx/Vivado/2020.2\lib\classes\com.sigasi.lcm_4.9.0.202009050929.jar;C:/Xilinx/Vivado/2020.2\lib\classes\com.sigasi.sdk.client_4.9.0.202009050929.jar;C:/Xilinx/Vivado/2020.2\lib\classes\com.xilinx.hls.services.jar;C:/Xili
Launcher Type: generic

[Global flags]
     bool BytecodeVerificationLocal                = false                                     {product} {command line}
     bool BytecodeVerificationRemote               = false                                     {product} {command line}
     intx CICompilerCount                          = 12                                        {product} {ergonomic}
     uint ConcGCThreads                            = 3                                         {product} {ergonomic}
     uint G1ConcRefinementThreads                  = 13                                        {product} {ergonomic}
   size_t G1HeapRegionSize                         = 1048576                                   {product} {ergonomic}
    uintx GCDrainStackTargetSize                   = 64                                        {product} {ergonomic}
   size_t InitialHeapSize                          = 134217728                                 {product} {command line}
   size_t MarkStackSize                            = 4194304                                   {product} {ergonomic}
   size_t MaxHeapSize                              = 3221225472                                {product} {command line}
   size_t MaxNewSize                               = 62914560                                  {product} {command line}
   size_t MinHeapDeltaBytes                        = 1048576                                   {product} {ergonomic}
   size_t NewSize                                  = 62914560                                  {product} {command line}
    uintx NonNMethodCodeHeapSize                   = 7591728                                {pd product} {ergonomic}
    uintx NonProfiledCodeHeapSize                  = 122033256                              {pd product} {ergonomic}
    uintx ProfiledCodeHeapSize                     = 122033256                              {pd product} {ergonomic}
    uintx ReservedCodeCacheSize                    = 251658240                              {pd product} {ergonomic}
     bool SegmentedCodeCache                       = true                                      {product} {ergonomic}
    uintx StringTableSize                          = 4072                                      {product} {command line}
     intx ThreadStackSize                          = 5120                                   {pd product} {command line}
     bool UseCompressedClassPointers               = true                                 {lp64_product} {ergonomic}
     bool UseCompressedOops                        = true                                 {lp64_product} {ergonomic}
     bool UseG1GC                                  = true                                      {product} {ergonomic}
     bool UseLargePagesIndividualAllocation        = false                                  {pd product} {ergonomic}
     bool UsePerfData                              = false                                     {product} {command line}

Logging:
Log output configuration:
 #0: stdout all=warning uptime,level,tags
 #1: stderr all=off uptime,level,tags

Environment Variables:
PATH=C:/Xilinx/Vivado/2020.2\gnuwin\bin;C:/Xilinx/Vivado/2020.2\gnu\microblaze\nt\bin;C:/Xilinx/Vivado/2020.2/bin;C:/Xilinx/Vivado/2020.2/tps/win64/javafx-sdk-11.0.2/lib;C:/Xilinx/Vivado/2020.2/tps/win64/javafx-sdk-11.0.2/bin;C:/Xilinx/Vivado/2020.2/lib/win64.o;C:/Xilinx/Vivado/2020.2/tps/win64/jre11.0.2/bin/server;C:/Xilinx/Vivado/2020.2/tps/win64/jre11.0.2/bin;C:/Xilinx/Vivado/2020.2/ids_lite/ISE/bin/nt64;C:/Xilinx/Vivado/2020.2/ids_lite/ISE/lib/nt64;C:/Xilinx/Vitis_HLS/2020.2/bin;C:\Windows\system32;C:\Windows;C:\Windows\System32\Wbem;C:\Windows\System32\WindowsPowerShell\v1.0\;C:\Windows\System32\OpenSSH\;C:\Program Files (x86)\NVIDIA Corporation\PhysX\Common;C:\Program Files\NVIDIA Corporation\NVIDIA NvDLISR;C:\Program Files\Git\cmd;C:\Program Files\PuTTY\;C:\Xilinx\Vivado\2020.2\bin\unwrapped\win64.o\vivado;C:\Users\Jiang\AppData\Local\Microsoft\WindowsApps;D:\program\zip\;D:\program\Quartus\modelsim_ase\win32aloem;;C:/Xilinx/Vivado/2020.2\tps\mingw\6.2.0\win64.o\nt\bin;C:/Xilinx/Vivado/2020.2\tps\mingw\6.2.0\win64.o\nt\libexec\gcc\x86_64-w64-mingw32\6.2.0;C:/Xilinx/Vivado/2020.2\tps\win64\python-3.8.3;C:/Xilinx/Vivado/2020.2\tps\win64\python-3.8.3\bin;C:/Xilinx/Vivado/2020.2\tps\win64\python-3.8.3\lib;C:/Xilinx/Vivado/2020.2\tps\win64\python-3.8.3\lib\site-packages
USERNAME=Jiang
OS=Windows_NT
PROCESSOR_IDENTIFIER=AMD64 Family 25 Model 33 Stepping 0, AuthenticAMD



---------------  S Y S T E M  ---------------

OS: Windows 10 , 64 bit Build 19041 (10.0.19041.1566)

CPU:total 16 (initial active 16) (16 cores per cpu, 2 threads per core) family 25 model 33 stepping 0, cmov, cx8, fxsr, mmx, sse, sse2, sse3, ssse3, sse4.1, sse4.2, popcnt, avx, avx2, aes, clmul, erms, mmxext, 3dnowpref, lzcnt, sse4a, ht, tsc, tscinvbit, tscinv, bmi1, bmi2, adx, sha, fma

Memory: 4k page, system-wide physical 16301M (7603M free)
TotalPageFile size 26029M (AvailPageFile size 8612M)
current process WorkingSet (physical memory assigned to process): 676M, peak: 1116M
current process commit charge ("private bytes"): 1143M, peak: 1171M

vm_info: OpenJDK 64-Bit Server VM (11.0.2+9) for windows-amd64 JRE (11.0.2+9), built on Jan 18 2019 05:23:22 by "mach5one" with MS VC++ 15.5 (VS2017)

END.
